Started GET "/" for ::1 at 2020-11-17 09:41:16 -0500

ActiveRecord::NoDatabaseError - FATAL:  database "TheNostalgiaBook_development" does not exist:

Started POST "/__better_errors/d32401996d6d9f25/variables" for ::1 at 2020-11-17 09:41:16 -0500
Started GET "/" for ::1 at 2020-11-17 10:05:51 -0500

ActiveRecord::NoDatabaseError - FATAL:  database "TheNostalgiaBook_development" does not exist:

Started POST "/__better_errors/6c7cef75ede50230/variables" for ::1 at 2020-11-17 10:05:51 -0500
  [1m[35m (304.9ms)[0m  [1m[35mCREATE DATABASE "TheNostalgiaBook_development" ENCODING = 'unicode'[0m
  ↳ bin/rails:9
  [1m[35m (87.4ms)[0m  [1m[35mCREATE DATABASE "TheNostalgiaBook_test" ENCODING = 'unicode'[0m
  ↳ bin/rails:9
Started GET "/" for ::1 at 2020-11-17 10:07:55 -0500

ActiveRecord::PendingMigrationError - Migrations are pending. To resolve this issue, run:
        bin/rails db:migrate RAILS_ENV=development:

Started POST "/__better_errors/efcfc3c97d0ff25f/variables" for ::1 at 2020-11-17 10:07:55 -0500
  [1m[35m (83.7ms)[0m  [1m[35mCREATE TABLE "schema_migrations" ("version" character varying NOT NULL PRIMARY KEY)[0m
  ↳ bin/rails:9
  [1m[35m (5.5ms)[0m  [1m[35mCREATE TABLE "ar_internal_metadata" ("key" character varying NOT NULL PRIMARY KEY, "value" character varying, "created_at" timestamp NOT NULL, "updated_at" timestamp NOT NULL)[0m
  ↳ bin/rails:9
  [1m[35m (2.2ms)[0m  [1m[34mSELECT pg_try_advisory_lock(319931303924063685)[0m
  ↳ bin/rails:9
  [1m[35m (2.2ms)[0m  [1m[34mSELECT "schema_migrations"."version" FROM "schema_migrations" ORDER BY "schema_migrations"."version" ASC[0m
  ↳ bin/rails:9
Migrating to CreateUsers (20201117150735)
  [1m[35m (3.0ms)[0m  [1m[35mBEGIN[0m
  ↳ bin/rails:9
  [1m[35m (18.6ms)[0m  [1m[35mCREATE TABLE "users" ("id" bigserial primary key, "full_name" character varying NOT NULL, "email" character varying NOT NULL, "session_token" character varying NOT NULL, "password_digest" character varying NOT NULL, "location" character varying, "school" character varying, "gender" character varying NOT NULL, "birth_date" character varying NOT NULL, "written_bio" text, "created_at" timestamp NOT NULL, "updated_at" timestamp NOT NULL)[0m
  ↳ db/migrate/20201117150735_create_users.rb:3
  [1m[35m (4.5ms)[0m  [1m[35mCREATE  INDEX  "index_users_on_full_name" ON "users"  ("full_name")[0m
  ↳ db/migrate/20201117150735_create_users.rb:19
  [1m[35m (2.3ms)[0m  [1m[35mCREATE UNIQUE INDEX  "index_users_on_email" ON "users"  ("email")[0m
  ↳ db/migrate/20201117150735_create_users.rb:20
  [1m[35m (1.8ms)[0m  [1m[35mCREATE UNIQUE INDEX  "index_users_on_session_token" ON "users"  ("session_token")[0m
  ↳ db/migrate/20201117150735_create_users.rb:21
  [1m[36mActiveRecord::SchemaMigration Create (9.7ms)[0m  [1m[32mINSERT INTO "schema_migrations" ("version") VALUES ($1) RETURNING "version"[0m  [["version", "20201117150735"]]
  ↳ bin/rails:9
  [1m[35m (1.3ms)[0m  [1m[35mCOMMIT[0m
  ↳ bin/rails:9
  [1m[36mActiveRecord::InternalMetadata Load (3.0ms)[0m  [1m[34mSELECT  "ar_internal_metadata".* FROM "ar_internal_metadata" WHERE "ar_internal_metadata"."key" = $1 LIMIT $2[0m  [["key", "environment"], ["LIMIT", 1]]
  ↳ bin/rails:9
  [1m[35m (0.2ms)[0m  [1m[35mBEGIN[0m
  ↳ bin/rails:9
  [1m[36mActiveRecord::InternalMetadata Create (3.7ms)[0m  [1m[32mINSERT INTO "ar_internal_metadata" ("key", "value", "created_at", "updated_at") VALUES ($1, $2, $3, $4) RETURNING "key"[0m  [["key", "environment"], ["value", "development"], ["created_at", "2020-11-17 15:56:05.482650"], ["updated_at", "2020-11-17 15:56:05.482650"]]
  ↳ bin/rails:9
  [1m[35m (0.6ms)[0m  [1m[35mCOMMIT[0m
  ↳ bin/rails:9
  [1m[35m (0.3ms)[0m  [1m[34mSELECT pg_advisory_unlock(319931303924063685)[0m
  ↳ bin/rails:9
  [1m[35m (0.4ms)[0m  [1m[34mSELECT "schema_migrations"."version" FROM "schema_migrations" ORDER BY "schema_migrations"."version" ASC[0m
  ↳ bin/rails:9
Started GET "/" for ::1 at 2020-11-17 10:57:12 -0500
  [1m[35m (1.6ms)[0m  [1m[34mSELECT "schema_migrations"."version" FROM "schema_migrations" ORDER BY "schema_migrations"."version" ASC[0m
  ↳ /Users/anthonycollichio/.rbenv/versions/2.5.1/lib/ruby/gems/2.5.0/gems/activerecord-5.2.4.4/lib/active_record/log_subscriber.rb:98
Processing by StaticPagesController#root as HTML
  Rendering static_pages/root.html.erb within layouts/application
  Rendered static_pages/root.html.erb within layouts/application (1.4ms)
Completed 200 OK in 1485ms (Views: 1481.4ms | ActiveRecord: 0.0ms)


Started GET "/" for ::1 at 2020-11-17 11:19:47 -0500
Processing by StaticPagesController#root as HTML
  Rendering static_pages/root.html.erb within layouts/application
  Rendered static_pages/root.html.erb within layouts/application (0.7ms)
Completed 200 OK in 56ms (Views: 51.5ms | ActiveRecord: 0.0ms)


Started GET "/" for ::1 at 2020-11-18 13:58:54 -0500
  [1m[35m (2.4ms)[0m  [1m[34mSELECT "schema_migrations"."version" FROM "schema_migrations" ORDER BY "schema_migrations"."version" ASC[0m
  ↳ /Users/anthonycollichio/.rbenv/versions/2.5.1/lib/ruby/gems/2.5.0/gems/activerecord-5.2.4.4/lib/active_record/log_subscriber.rb:98
Processing by StaticPagesController#root as HTML
  Rendering static_pages/root.html.erb within layouts/application
  Rendered static_pages/root.html.erb within layouts/application (1.4ms)
Completed 200 OK in 1036ms (Views: 1032.4ms | ActiveRecord: 0.0ms)


Started GET "/" for ::1 at 2020-11-18 14:06:05 -0500
  [1m[35m (1.8ms)[0m  [1m[34mSELECT "schema_migrations"."version" FROM "schema_migrations" ORDER BY "schema_migrations"."version" ASC[0m
  ↳ /Users/anthonycollichio/.rbenv/versions/2.5.1/lib/ruby/gems/2.5.0/gems/activerecord-5.2.4.4/lib/active_record/log_subscriber.rb:98
Processing by StaticPagesController#root as HTML
  Rendering static_pages/root.html.erb within layouts/application
  Rendered static_pages/root.html.erb within layouts/application (1.8ms)
Completed 200 OK in 1156ms (Views: 1154.2ms | ActiveRecord: 0.0ms)


Started POST "/api/session" for ::1 at 2020-11-18 14:06:25 -0500
Processing by Api::SessionsController#create as JSON
Completed 500 Internal Server Error in 6ms (ActiveRecord: 0.0ms)



NoMethodError - undefined method `[]' for nil:NilClass:
  app/controllers/api/sessions_controller.rb:4:in `create'

Started DELETE "/api/session" for ::1 at 2020-11-18 14:06:52 -0500
Processing by Api::SessionsController#destroy as JSON
Completed 500 Internal Server Error in 190ms (ActiveRecord: 0.0ms)



NameError - undefined local variable or method `current_user' for #<Api::SessionsController:0x00007fd1f6a6e670>:
  app/controllers/api/sessions_controller.rb:17:in `destroy'

Started GET "/" for ::1 at 2020-11-18 14:16:34 -0500
  [1m[35m (1.3ms)[0m  [1m[34mSELECT "schema_migrations"."version" FROM "schema_migrations" ORDER BY "schema_migrations"."version" ASC[0m
  ↳ /Users/anthonycollichio/.rbenv/versions/2.5.1/lib/ruby/gems/2.5.0/gems/activerecord-5.2.4.4/lib/active_record/log_subscriber.rb:98
Processing by StaticPagesController#root as HTML
  Rendering static_pages/root.html.erb within layouts/application
  Rendered static_pages/root.html.erb within layouts/application (1.5ms)
Completed 200 OK in 930ms (Views: 926.8ms | ActiveRecord: 0.0ms)


Started GET "/" for ::1 at 2020-11-18 14:17:39 -0500
  [1m[35m (1.1ms)[0m  [1m[34mSELECT "schema_migrations"."version" FROM "schema_migrations" ORDER BY "schema_migrations"."version" ASC[0m
  ↳ /Users/anthonycollichio/.rbenv/versions/2.5.1/lib/ruby/gems/2.5.0/gems/activerecord-5.2.4.4/lib/active_record/log_subscriber.rb:98
Processing by StaticPagesController#root as HTML
  Rendering static_pages/root.html.erb within layouts/application
  Rendered static_pages/root.html.erb within layouts/application (1.5ms)
Completed 200 OK in 949ms (Views: 946.8ms | ActiveRecord: 0.0ms)


Started POST "/api/session" for ::1 at 2020-11-18 14:18:10 -0500
Processing by Api::SessionsController#create as JSON
  Parameters: {"user"=>{"email"=>"random@gmail.com", "password"=>"[FILTERED]", "full_name"=>"christoph", "birth_date"=>"12/3/45", "gender"=>"male"}}
  [1m[36mUser Load (12.7ms)[0m  [1m[34mSELECT  "users".* FROM "users" WHERE "users"."email" = $1 LIMIT $2[0m  [["email", "random@gmail.com"], ["LIMIT", 1]]
  ↳ app/models/user.rb:13
Completed 401 Unauthorized in 49ms (Views: 0.4ms | ActiveRecord: 28.0ms)


Started POST "/api/user" for ::1 at 2020-11-18 14:20:16 -0500
Processing by Api::UsersController#create as JSON
  Parameters: {"user"=>{"email"=>"random@gmail.com", "password"=>"[FILTERED]", "full_name"=>"christoph", "birth_date"=>"12/3/45", "gender"=>"male"}}
  [1m[36mUser Load (0.4ms)[0m  [1m[34mSELECT  "users".* FROM "users" WHERE "users"."session_token" = $1 LIMIT $2[0m  [["session_token", "0m1VbeNNsn_6Bpr0PVvubw"], ["LIMIT", 1]]
  ↳ app/models/user.rb:45
  [1m[35m (1.8ms)[0m  [1m[35mBEGIN[0m
  ↳ app/controllers/api/users_controller.rb:5
  [1m[36mUser Exists (0.4ms)[0m  [1m[34mSELECT  1 AS one FROM "users" WHERE "users"."email" = $1 LIMIT $2[0m  [["email", "random@gmail.com"], ["LIMIT", 1]]
  ↳ app/controllers/api/users_controller.rb:5
  [1m[36mUser Exists (0.5ms)[0m  [1m[34mSELECT  1 AS one FROM "users" WHERE "users"."session_token" = $1 LIMIT $2[0m  [["session_token", "0m1VbeNNsn_6Bpr0PVvubw"], ["LIMIT", 1]]
  ↳ app/controllers/api/users_controller.rb:5
  [1m[36mUser Create (20.2ms)[0m  [1m[32mINSERT INTO "users" ("full_name", "email", "session_token", "password_digest", "gender", "birth_date", "created_at", "updated_at") VALUES ($1, $2, $3, $4, $5, $6, $7, $8) RETURNING "id"[0m  [["full_name", "christoph"], ["email", "random@gmail.com"], ["session_token", "0m1VbeNNsn_6Bpr0PVvubw"], ["password_digest", "$2a$12$kDdsdwCG1hNPyglJi1MGM.N/CgMPfOkAZ0qFmMjsJhFwGNGocD/zC"], ["gender", "male"], ["birth_date", "12/3/45"], ["created_at", "2020-11-18 19:20:17.229070"], ["updated_at", "2020-11-18 19:20:17.229070"]]
  ↳ app/controllers/api/users_controller.rb:5
  [1m[35m (0.8ms)[0m  [1m[35mCOMMIT[0m
  ↳ app/controllers/api/users_controller.rb:5
Completed 500 Internal Server Error in 363ms (ActiveRecord: 43.7ms)



NoMethodError - undefined method `login' for #<Api::UsersController:0x00007fd265ca4ad8>:
  app/controllers/api/users_controller.rb:6:in `create'

Started GET "/" for ::1 at 2020-11-18 14:48:35 -0500
  [1m[35m (2.5ms)[0m  [1m[34mSELECT "schema_migrations"."version" FROM "schema_migrations" ORDER BY "schema_migrations"."version" ASC[0m
  ↳ /Users/anthonycollichio/.rbenv/versions/2.5.1/lib/ruby/gems/2.5.0/gems/activerecord-5.2.4.4/lib/active_record/log_subscriber.rb:98
Processing by StaticPagesController#root as HTML
  Rendering static_pages/root.html.erb within layouts/application
  Rendered static_pages/root.html.erb within layouts/application (1.4ms)
Completed 200 OK in 925ms (Views: 923.0ms | ActiveRecord: 0.0ms)


Started POST "/api/user" for ::1 at 2020-11-18 14:48:48 -0500
Processing by Api::UsersController#create as JSON
  Parameters: {"user"=>{"email"=>"random@gmail.com", "password"=>"[FILTERED]", "full_name"=>"christoph", "birth_date"=>"12/3/45", "gender"=>"male"}}
  [1m[36mUser Load (6.2ms)[0m  [1m[34mSELECT  "users".* FROM "users" WHERE "users"."session_token" = $1 LIMIT $2[0m  [["session_token", "u0BWJr_jzzMCY0dV0WvfOQ"], ["LIMIT", 1]]
  ↳ app/models/user.rb:45
  [1m[35m (0.2ms)[0m  [1m[35mBEGIN[0m
  ↳ app/controllers/api/users_controller.rb:5
  [1m[36mUser Exists (2.1ms)[0m  [1m[34mSELECT  1 AS one FROM "users" WHERE "users"."email" = $1 LIMIT $2[0m  [["email", "random@gmail.com"], ["LIMIT", 1]]
  ↳ app/controllers/api/users_controller.rb:5
  [1m[36mUser Exists (0.6ms)[0m  [1m[34mSELECT  1 AS one FROM "users" WHERE "users"."session_token" = $1 LIMIT $2[0m  [["session_token", "u0BWJr_jzzMCY0dV0WvfOQ"], ["LIMIT", 1]]
  ↳ app/controllers/api/users_controller.rb:5
  [1m[35m (2.4ms)[0m  [1m[31mROLLBACK[0m
  ↳ app/controllers/api/users_controller.rb:5
Completed 422 Unprocessable Entity in 305ms (Views: 0.2ms | ActiveRecord: 21.4ms)


Started GET "/" for ::1 at 2020-11-18 14:54:23 -0500
Processing by StaticPagesController#root as HTML
  Rendering static_pages/root.html.erb within layouts/application
  Rendered static_pages/root.html.erb within layouts/application (0.5ms)
Completed 200 OK in 41ms (Views: 37.8ms | ActiveRecord: 0.0ms)


Started POST "/api/user" for ::1 at 2020-11-18 14:54:28 -0500
Processing by Api::UsersController#create as JSON
  Parameters: {"user"=>{"email"=>"random@gmail.com", "password"=>"[FILTERED]", "full_name"=>"christoph", "birth_date"=>"12/3/45", "gender"=>"male"}}
  [1m[36mUser Load (0.5ms)[0m  [1m[34mSELECT  "users".* FROM "users" WHERE "users"."session_token" = $1 LIMIT $2[0m  [["session_token", "poo9qFOqawG6jDrtiZ-9wQ"], ["LIMIT", 1]]
  ↳ app/models/user.rb:45
  [1m[35m (0.2ms)[0m  [1m[35mBEGIN[0m
  ↳ app/controllers/api/users_controller.rb:5
  [1m[36mUser Exists (0.4ms)[0m  [1m[34mSELECT  1 AS one FROM "users" WHERE "users"."email" = $1 LIMIT $2[0m  [["email", "random@gmail.com"], ["LIMIT", 1]]
  ↳ app/controllers/api/users_controller.rb:5
  [1m[36mUser Exists (0.4ms)[0m  [1m[34mSELECT  1 AS one FROM "users" WHERE "users"."session_token" = $1 LIMIT $2[0m  [["session_token", "poo9qFOqawG6jDrtiZ-9wQ"], ["LIMIT", 1]]
  ↳ app/controllers/api/users_controller.rb:5
  [1m[35m (0.2ms)[0m  [1m[31mROLLBACK[0m
  ↳ app/controllers/api/users_controller.rb:5
Completed 422 Unprocessable Entity in 272ms (Views: 0.2ms | ActiveRecord: 10.9ms)


Started GET "/" for ::1 at 2020-11-18 15:11:27 -0500
  [1m[35m (2.8ms)[0m  [1m[34mSELECT "schema_migrations"."version" FROM "schema_migrations" ORDER BY "schema_migrations"."version" ASC[0m
  ↳ /Users/anthonycollichio/.rbenv/versions/2.5.1/lib/ruby/gems/2.5.0/gems/activerecord-5.2.4.4/lib/active_record/log_subscriber.rb:98
Processing by StaticPagesController#root as HTML
  Rendering static_pages/root.html.erb within layouts/application
  Rendered static_pages/root.html.erb within layouts/application (1.8ms)
Completed 200 OK in 989ms (Views: 986.5ms | ActiveRecord: 0.0ms)


Started POST "/api/user" for ::1 at 2020-11-18 15:11:32 -0500
Processing by Api::UsersController#create as JSON
  Parameters: {"user"=>{"email"=>"random@gmail.com", "password"=>"[FILTERED]", "full_name"=>"christoph", "birth_date"=>"12/3/45", "gender"=>"male"}}
  [1m[36mUser Load (0.9ms)[0m  [1m[34mSELECT  "users".* FROM "users" WHERE "users"."session_token" = $1 LIMIT $2[0m  [["session_token", "-NwYY6BpkcWblKnj161icw"], ["LIMIT", 1]]
  ↳ app/models/user.rb:45
  [1m[35m (0.1ms)[0m  [1m[35mBEGIN[0m
  ↳ app/controllers/api/users_controller.rb:5
  [1m[36mUser Exists (1.4ms)[0m  [1m[34mSELECT  1 AS one FROM "users" WHERE "users"."email" = $1 LIMIT $2[0m  [["email", "random@gmail.com"], ["LIMIT", 1]]
  ↳ app/controllers/api/users_controller.rb:5
  [1m[36mUser Exists (0.5ms)[0m  [1m[34mSELECT  1 AS one FROM "users" WHERE "users"."session_token" = $1 LIMIT $2[0m  [["session_token", "-NwYY6BpkcWblKnj161icw"], ["LIMIT", 1]]
  ↳ app/controllers/api/users_controller.rb:5
  [1m[35m (0.3ms)[0m  [1m[31mROLLBACK[0m
  ↳ app/controllers/api/users_controller.rb:5
Completed 422 Unprocessable Entity in 295ms (Views: 0.2ms | ActiveRecord: 13.7ms)


Started GET "/" for ::1 at 2020-11-18 15:16:44 -0500
  [1m[35m (1.0ms)[0m  [1m[34mSELECT "schema_migrations"."version" FROM "schema_migrations" ORDER BY "schema_migrations"."version" ASC[0m
  ↳ /Users/anthonycollichio/.rbenv/versions/2.5.1/lib/ruby/gems/2.5.0/gems/activerecord-5.2.4.4/lib/active_record/log_subscriber.rb:98
Processing by StaticPagesController#root as HTML
  Rendering static_pages/root.html.erb within layouts/application
  Rendered static_pages/root.html.erb within layouts/application (1.3ms)
Completed 200 OK in 866ms (Views: 863.5ms | ActiveRecord: 0.0ms)


Started POST "/api/user" for ::1 at 2020-11-18 15:17:08 -0500
Processing by Api::UsersController#create as JSON
  Parameters: {"user"=>{"email"=>"random@gmail.com", "password"=>"[FILTERED]", "full_name"=>"christoph", "birth_date"=>"12/3/45", "gender"=>"male"}}
  [1m[36mUser Load (1.2ms)[0m  [1m[34mSELECT  "users".* FROM "users" WHERE "users"."session_token" = $1 LIMIT $2[0m  [["session_token", "GNPF6GigY8ZkPgAy4-bdvQ"], ["LIMIT", 1]]
  ↳ app/models/user.rb:45
Started GET "/" for ::1 at 2020-11-18 15:20:09 -0500
  [1m[35m (5.8ms)[0m  [1m[35mBEGIN[0m
  ↳ app/controllers/api/users_controller.rb:5
Started GET "/" for ::1 at 2020-11-18 15:20:09 -0500
  [1m[36mUser Exists (6.1ms)[0m  [1m[34mSELECT  1 AS one FROM "users" WHERE "users"."email" = $1 LIMIT $2[0m  [["email", "random@gmail.com"], ["LIMIT", 1]]
  ↳ app/controllers/api/users_controller.rb:5
  [1m[36mUser Exists (1.4ms)[0m  [1m[34mSELECT  1 AS one FROM "users" WHERE "users"."session_token" = $1 LIMIT $2[0m  [["session_token", "GNPF6GigY8ZkPgAy4-bdvQ"], ["LIMIT", 1]]
  ↳ app/controllers/api/users_controller.rb:5
  [1m[35m (13.2ms)[0m  [1m[31mROLLBACK[0m
  ↳ app/controllers/api/users_controller.rb:5
Completed 422 Unprocessable Entity in 180243ms (Views: 0.5ms | ActiveRecord: 37.1ms)


Processing by StaticPagesController#root as HTML
Processing by StaticPagesController#root as HTML
  Rendering static_pages/root.html.erb within layouts/application
  Rendered static_pages/root.html.erb within layouts/application (0.4ms)
  Rendering static_pages/root.html.erb within layouts/application
  Rendered static_pages/root.html.erb within layouts/application (0.1ms)
Completed 200 OK in 73ms (Views: 67.6ms | ActiveRecord: 0.0ms)


Completed 200 OK in 75ms (Views: 73.4ms | ActiveRecord: 0.0ms)


Started GET "/" for ::1 at 2020-11-18 15:21:06 -0500
  [1m[35m (1.3ms)[0m  [1m[34mSELECT "schema_migrations"."version" FROM "schema_migrations" ORDER BY "schema_migrations"."version" ASC[0m
  ↳ /Users/anthonycollichio/.rbenv/versions/2.5.1/lib/ruby/gems/2.5.0/gems/activerecord-5.2.4.4/lib/active_record/log_subscriber.rb:98
Processing by StaticPagesController#root as HTML
  Rendering static_pages/root.html.erb within layouts/application
  Rendered static_pages/root.html.erb within layouts/application (2.2ms)
Completed 200 OK in 1298ms (Views: 1296.1ms | ActiveRecord: 0.0ms)


Started POST "/api/user" for ::1 at 2020-11-18 15:21:09 -0500
Processing by Api::UsersController#create as JSON
  Parameters: {"user"=>{"email"=>"random@gmail.com", "password"=>"[FILTERED]", "full_name"=>"christoph", "birth_date"=>"12/3/45", "gender"=>"male"}}
  [1m[36mUser Load (1.0ms)[0m  [1m[34mSELECT  "users".* FROM "users" WHERE "users"."session_token" = $1 LIMIT $2[0m  [["session_token", "SvoxMhrc4atXU84xKVN2wQ"], ["LIMIT", 1]]
  ↳ app/models/user.rb:45
  [1m[35m (1.2ms)[0m  [1m[35mBEGIN[0m
  ↳ app/controllers/api/users_controller.rb:5
  [1m[36mUser Exists (1.0ms)[0m  [1m[34mSELECT  1 AS one FROM "users" WHERE "users"."email" = $1 LIMIT $2[0m  [["email", "random@gmail.com"], ["LIMIT", 1]]
  ↳ app/controllers/api/users_controller.rb:5
  [1m[36mUser Exists (0.6ms)[0m  [1m[34mSELECT  1 AS one FROM "users" WHERE "users"."session_token" = $1 LIMIT $2[0m  [["session_token", "SvoxMhrc4atXU84xKVN2wQ"], ["LIMIT", 1]]
  ↳ app/controllers/api/users_controller.rb:5
  [1m[35m (0.4ms)[0m  [1m[31mROLLBACK[0m
  ↳ app/controllers/api/users_controller.rb:5
  [1m[35m (0.4ms)[0m  [1m[35mBEGIN[0m
  ↳ (byebug):1
  [1m[36mUser Exists (0.9ms)[0m  [1m[34mSELECT  1 AS one FROM "users" WHERE "users"."email" = $1 LIMIT $2[0m  [["email", "random@gmail.com"], ["LIMIT", 1]]
  ↳ (byebug):1
  [1m[36mUser Exists (0.9ms)[0m  [1m[34mSELECT  1 AS one FROM "users" WHERE "users"."session_token" = $1 LIMIT $2[0m  [["session_token", "SvoxMhrc4atXU84xKVN2wQ"], ["LIMIT", 1]]
  ↳ (byebug):1
  [1m[35m (0.4ms)[0m  [1m[31mROLLBACK[0m
  ↳ (byebug):1
Completed 422 Unprocessable Entity in 379311ms (Views: 0.5ms | ActiveRecord: 18.0ms)


Started POST "/api/session" for ::1 at 2020-11-18 15:29:52 -0500
  [1m[35m (2.2ms)[0m  [1m[34mSELECT "schema_migrations"."version" FROM "schema_migrations" ORDER BY "schema_migrations"."version" ASC[0m
  ↳ /Users/anthonycollichio/.rbenv/versions/2.5.1/lib/ruby/gems/2.5.0/gems/activerecord-5.2.4.4/lib/active_record/log_subscriber.rb:98
Processing by Api::SessionsController#create as JSON
  Parameters: {"user"=>{"email"=>"random@gmail.com", "password"=>"[FILTERED]", "full_name"=>"christoph", "birth_date"=>"12/3/45", "gender"=>"male"}}
  [1m[36mUser Load (3.1ms)[0m  [1m[34mSELECT  "users".* FROM "users" WHERE "users"."email" = $1 LIMIT $2[0m  [["email", "random@gmail.com"], ["LIMIT", 1]]
  ↳ app/models/user.rb:13
  [1m[36mUser Load (0.4ms)[0m  [1m[34mSELECT  "users".* FROM "users" WHERE "users"."session_token" = $1 LIMIT $2[0m  [["session_token", "dbiWAk3v5hfk8e5PE4osEw"], ["LIMIT", 1]]
  ↳ app/models/user.rb:45
  [1m[35m (0.1ms)[0m  [1m[35mBEGIN[0m
  ↳ app/models/user.rb:29
  [1m[36mUser Exists (0.5ms)[0m  [1m[34mSELECT  1 AS one FROM "users" WHERE "users"."email" = $1 AND "users"."id" != $2 LIMIT $3[0m  [["email", "random@gmail.com"], ["id", 1], ["LIMIT", 1]]
  ↳ app/models/user.rb:29
  [1m[36mUser Exists (0.5ms)[0m  [1m[34mSELECT  1 AS one FROM "users" WHERE "users"."session_token" = $1 AND "users"."id" != $2 LIMIT $3[0m  [["session_token", "dbiWAk3v5hfk8e5PE4osEw"], ["id", 1], ["LIMIT", 1]]
  ↳ app/models/user.rb:29
  [1m[36mUser Update (6.8ms)[0m  [1m[33mUPDATE "users" SET "session_token" = $1, "updated_at" = $2 WHERE "users"."id" = $3[0m  [["session_token", "dbiWAk3v5hfk8e5PE4osEw"], ["updated_at", "2020-11-18 20:29:52.590060"], ["id", 1]]
  ↳ app/models/user.rb:29
  [1m[35m (1.6ms)[0m  [1m[35mCOMMIT[0m
  ↳ app/models/user.rb:29
Completed 500 Internal Server Error in 278ms (ActiveRecord: 20.1ms)



ActionView::MissingTemplate - Missing template api/sessions/create, application/create with {:locale=>[:en], :formats=>[:json], :variants=>[], :handlers=>[:raw, :erb, :html, :builder, :ruby, :coffee, :jbuilder]}. Searched in:
  * "/Users/anthonycollichio/Desktop/TheNostalgiaBook/TheNostalgiaBook/app/views":
  app/controllers/api/sessions_controller.rb:10:in `create'

Started GET "/" for ::1 at 2020-11-18 15:33:11 -0500
  [1m[35m (1.1ms)[0m  [1m[34mSELECT "schema_migrations"."version" FROM "schema_migrations" ORDER BY "schema_migrations"."version" ASC[0m
  ↳ /Users/anthonycollichio/.rbenv/versions/2.5.1/lib/ruby/gems/2.5.0/gems/activerecord-5.2.4.4/lib/active_record/log_subscriber.rb:98
Processing by StaticPagesController#root as HTML
  Rendering static_pages/root.html.erb within layouts/application
  Rendered static_pages/root.html.erb within layouts/application (1.8ms)
Completed 200 OK in 1017ms (Views: 1014.6ms | ActiveRecord: 0.0ms)


Started POST "/api/user" for ::1 at 2020-11-18 15:33:21 -0500
Processing by Api::UsersController#create as JSON
  Parameters: {"user"=>{"email"=>"random@gmail.com", "password"=>"[FILTERED]", "full_name"=>"christoph", "birth_date"=>"12/3/45", "gender"=>"male"}}
  [1m[36mUser Load (0.9ms)[0m  [1m[34mSELECT  "users".* FROM "users" WHERE "users"."session_token" = $1 LIMIT $2[0m  [["session_token", "s0ERrAFVYpRsZwVpAoZ9nw"], ["LIMIT", 1]]
  ↳ app/models/user.rb:45
  [1m[36mUser Load (0.7ms)[0m  [1m[34mSELECT  "users".* FROM "users" LIMIT $1[0m  [["LIMIT", 11]]
  ↳ app/controllers/api/users_controller.rb:5
  [1m[35m (1.0ms)[0m  [1m[35mBEGIN[0m
  ↳ app/controllers/api/users_controller.rb:5
  [1m[36mUser Exists (1.7ms)[0m  [1m[34mSELECT  1 AS one FROM "users" WHERE "users"."email" = $1 LIMIT $2[0m  [["email", "random@gmail.com"], ["LIMIT", 1]]
  ↳ app/controllers/api/users_controller.rb:5
  [1m[36mUser Exists (0.6ms)[0m  [1m[34mSELECT  1 AS one FROM "users" WHERE "users"."session_token" = $1 LIMIT $2[0m  [["session_token", "s0ERrAFVYpRsZwVpAoZ9nw"], ["LIMIT", 1]]
  ↳ app/controllers/api/users_controller.rb:5
  [1m[35m (0.6ms)[0m  [1m[31mROLLBACK[0m
  ↳ app/controllers/api/users_controller.rb:5
Completed 422 Unprocessable Entity in 194184ms (Views: 0.4ms | ActiveRecord: 14.8ms)


Started POST "/api/session" for ::1 at 2020-11-18 15:37:40 -0500
Processing by Api::SessionsController#create as JSON
  Parameters: {"user"=>{"email"=>"random@gmail.com", "password"=>"[FILTERED]"}}
  [1m[36mUser Load (0.6ms)[0m  [1m[34mSELECT  "users".* FROM "users" WHERE "users"."email" = $1 LIMIT $2[0m  [["email", "random@gmail.com"], ["LIMIT", 1]]
  ↳ app/models/user.rb:13
  [1m[36mUser Load (0.5ms)[0m  [1m[34mSELECT  "users".* FROM "users" WHERE "users"."session_token" = $1 LIMIT $2[0m  [["session_token", "1E1Vr44MlgIdbIQxnvna3Q"], ["LIMIT", 1]]
  ↳ app/models/user.rb:45
  [1m[35m (0.2ms)[0m  [1m[35mBEGIN[0m
  ↳ app/models/user.rb:29
  [1m[36mUser Exists (0.6ms)[0m  [1m[34mSELECT  1 AS one FROM "users" WHERE "users"."email" = $1 AND "users"."id" != $2 LIMIT $3[0m  [["email", "random@gmail.com"], ["id", 1], ["LIMIT", 1]]
  ↳ app/models/user.rb:29
  [1m[36mUser Exists (0.4ms)[0m  [1m[34mSELECT  1 AS one FROM "users" WHERE "users"."session_token" = $1 AND "users"."id" != $2 LIMIT $3[0m  [["session_token", "1E1Vr44MlgIdbIQxnvna3Q"], ["id", 1], ["LIMIT", 1]]
  ↳ app/models/user.rb:29
  [1m[36mUser Update (0.7ms)[0m  [1m[33mUPDATE "users" SET "session_token" = $1, "updated_at" = $2 WHERE "users"."id" = $3[0m  [["session_token", "1E1Vr44MlgIdbIQxnvna3Q"], ["updated_at", "2020-11-18 20:37:40.315315"], ["id", 1]]
  ↳ app/models/user.rb:29
  [1m[35m (2.8ms)[0m  [1m[35mCOMMIT[0m
  ↳ app/models/user.rb:29
Completed 500 Internal Server Error in 261ms (ActiveRecord: 5.8ms)



ActionView::MissingTemplate - Missing template api/sessions/create, application/create with {:locale=>[:en], :formats=>[:json], :variants=>[], :handlers=>[:raw, :erb, :html, :builder, :ruby, :coffee, :jbuilder]}. Searched in:
  * "/Users/anthonycollichio/Desktop/TheNostalgiaBook/TheNostalgiaBook/app/views":
  app/controllers/api/sessions_controller.rb:10:in `create'

Started GET "/" for ::1 at 2020-11-18 15:40:40 -0500
  [1m[35m (1.1ms)[0m  [1m[34mSELECT "schema_migrations"."version" FROM "schema_migrations" ORDER BY "schema_migrations"."version" ASC[0m
  ↳ /Users/anthonycollichio/.rbenv/versions/2.5.1/lib/ruby/gems/2.5.0/gems/activerecord-5.2.4.4/lib/active_record/log_subscriber.rb:98
Processing by StaticPagesController#root as HTML
  Rendering static_pages/root.html.erb within layouts/application
  Rendered static_pages/root.html.erb within layouts/application (0.9ms)
Completed 200 OK in 952ms (Views: 950.1ms | ActiveRecord: 0.0ms)


Started POST "/api/session" for ::1 at 2020-11-18 15:40:45 -0500
Processing by Api::SessionsController#create as JSON
  Parameters: {"user"=>{"email"=>"random@gmail.com", "password"=>"[FILTERED]"}}
  [1m[36mUser Load (1.1ms)[0m  [1m[34mSELECT  "users".* FROM "users" WHERE "users"."email" = $1 LIMIT $2[0m  [["email", "random@gmail.com"], ["LIMIT", 1]]
  ↳ app/models/user.rb:13
  [1m[36mUser Load (1.2ms)[0m  [1m[34mSELECT  "users".* FROM "users" WHERE "users"."session_token" = $1 LIMIT $2[0m  [["session_token", "PlcANNRQCJvKU9_kCaqlLg"], ["LIMIT", 1]]
  ↳ app/models/user.rb:45
  [1m[35m (1.2ms)[0m  [1m[35mBEGIN[0m
  ↳ app/models/user.rb:29
  [1m[36mUser Exists (1.9ms)[0m  [1m[34mSELECT  1 AS one FROM "users" WHERE "users"."email" = $1 AND "users"."id" != $2 LIMIT $3[0m  [["email", "random@gmail.com"], ["id", 1], ["LIMIT", 1]]
  ↳ app/models/user.rb:29
  [1m[36mUser Exists (1.1ms)[0m  [1m[34mSELECT  1 AS one FROM "users" WHERE "users"."session_token" = $1 AND "users"."id" != $2 LIMIT $3[0m  [["session_token", "PlcANNRQCJvKU9_kCaqlLg"], ["id", 1], ["LIMIT", 1]]
  ↳ app/models/user.rb:29
  [1m[36mUser Update (0.9ms)[0m  [1m[33mUPDATE "users" SET "session_token" = $1, "updated_at" = $2 WHERE "users"."id" = $3[0m  [["session_token", "PlcANNRQCJvKU9_kCaqlLg"], ["updated_at", "2020-11-18 20:42:16.247504"], ["id", 1]]
  ↳ app/models/user.rb:29
  [1m[35m (0.9ms)[0m  [1m[35mCOMMIT[0m
  ↳ app/models/user.rb:29
Completed 500 Internal Server Error in 90374ms (ActiveRecord: 18.0ms)



ActionView::MissingTemplate - Missing template api/sessions/create, application/create with {:locale=>[:en], :formats=>[:json], :variants=>[], :handlers=>[:raw, :erb, :html, :builder, :ruby, :coffee, :jbuilder]}. Searched in:
  * "/Users/anthonycollichio/Desktop/TheNostalgiaBook/TheNostalgiaBook/app/views":
  app/controllers/api/sessions_controller.rb:11:in `create'

Started GET "/" for ::1 at 2020-11-18 15:44:25 -0500
  [1m[35m (1.5ms)[0m  [1m[34mSELECT "schema_migrations"."version" FROM "schema_migrations" ORDER BY "schema_migrations"."version" ASC[0m
  ↳ /Users/anthonycollichio/.rbenv/versions/2.5.1/lib/ruby/gems/2.5.0/gems/activerecord-5.2.4.4/lib/active_record/log_subscriber.rb:98
Processing by StaticPagesController#root as HTML
  Rendering static_pages/root.html.erb within layouts/application
  Rendered static_pages/root.html.erb within layouts/application (0.9ms)
Completed 200 OK in 942ms (Views: 939.1ms | ActiveRecord: 0.0ms)


Started POST "/api/session" for ::1 at 2020-11-18 15:44:33 -0500
Processing by Api::SessionsController#create as JSON
  Parameters: {"user"=>{"email"=>"random@gmail.com", "password"=>"[FILTERED]"}}
  [1m[36mUser Load (1.4ms)[0m  [1m[34mSELECT  "users".* FROM "users" WHERE "users"."email" = $1 LIMIT $2[0m  [["email", "random@gmail.com"], ["LIMIT", 1]]
  ↳ app/models/user.rb:13
  [1m[36mUser Load (0.7ms)[0m  [1m[34mSELECT  "users".* FROM "users" WHERE "users"."session_token" = $1 LIMIT $2[0m  [["session_token", "mjSirGSPeRDTGx6wd6eHOw"], ["LIMIT", 1]]
  ↳ app/models/user.rb:45
  [1m[35m (0.3ms)[0m  [1m[35mBEGIN[0m
  ↳ app/models/user.rb:29
  [1m[36mUser Exists (1.1ms)[0m  [1m[34mSELECT  1 AS one FROM "users" WHERE "users"."email" = $1 AND "users"."id" != $2 LIMIT $3[0m  [["email", "random@gmail.com"], ["id", 1], ["LIMIT", 1]]
  ↳ app/models/user.rb:29
  [1m[36mUser Exists (1.9ms)[0m  [1m[34mSELECT  1 AS one FROM "users" WHERE "users"."session_token" = $1 AND "users"."id" != $2 LIMIT $3[0m  [["session_token", "mjSirGSPeRDTGx6wd6eHOw"], ["id", 1], ["LIMIT", 1]]
  ↳ app/models/user.rb:29
  [1m[36mUser Update (1.5ms)[0m  [1m[33mUPDATE "users" SET "session_token" = $1, "updated_at" = $2 WHERE "users"."id" = $3[0m  [["session_token", "mjSirGSPeRDTGx6wd6eHOw"], ["updated_at", "2020-11-18 20:44:43.808609"], ["id", 1]]
  ↳ app/models/user.rb:29
  [1m[35m (0.7ms)[0m  [1m[35mCOMMIT[0m
  ↳ app/models/user.rb:29
  Rendering api/users/show.json.jbuilder
  Rendered api/users/_user.json.jbuilder (18.1ms)
  Rendered api/users/show.json.jbuilder (20.2ms)
Completed 500 Internal Server Error in 27960ms (ActiveRecord: 16.4ms)



NoMethodError - undefined method `username' for #<User:0x00007ff3783378e0>:
  app/views/api/users/_user.json.jbuilder:1:in `_app_views_api_users__user_json_jbuilder__1938843060453428312_70341811842400'
  app/views/api/users/show.json.jbuilder:1:in `_app_views_api_users_show_json_jbuilder__2831230157370426147_70341784452620'
  app/controllers/api/sessions_controller.rb:12:in `create'

Started GET "/" for ::1 at 2020-11-18 15:46:36 -0500
  [1m[35m (1.0ms)[0m  [1m[34mSELECT "schema_migrations"."version" FROM "schema_migrations" ORDER BY "schema_migrations"."version" ASC[0m
  ↳ /Users/anthonycollichio/.rbenv/versions/2.5.1/lib/ruby/gems/2.5.0/gems/activerecord-5.2.4.4/lib/active_record/log_subscriber.rb:98
Processing by StaticPagesController#root as HTML
  Rendering static_pages/root.html.erb within layouts/application
  Rendered static_pages/root.html.erb within layouts/application (1.0ms)
Completed 200 OK in 791ms (Views: 788.6ms | ActiveRecord: 0.0ms)


Started POST "/api/session" for ::1 at 2020-11-18 15:46:40 -0500
Processing by Api::SessionsController#create as JSON
  Parameters: {"user"=>{"email"=>"random@gmail.com", "password"=>"[FILTERED]"}}
  [1m[36mUser Load (1.1ms)[0m  [1m[34mSELECT  "users".* FROM "users" WHERE "users"."email" = $1 LIMIT $2[0m  [["email", "random@gmail.com"], ["LIMIT", 1]]
  ↳ app/models/user.rb:13
  [1m[36mUser Load (0.8ms)[0m  [1m[34mSELECT  "users".* FROM "users" WHERE "users"."session_token" = $1 LIMIT $2[0m  [["session_token", "0dfO7zh5BtiekuW__Tv-Qw"], ["LIMIT", 1]]
  ↳ app/models/user.rb:45
  [1m[35m (0.3ms)[0m  [1m[35mBEGIN[0m
  ↳ app/models/user.rb:29
  [1m[36mUser Exists (1.0ms)[0m  [1m[34mSELECT  1 AS one FROM "users" WHERE "users"."email" = $1 AND "users"."id" != $2 LIMIT $3[0m  [["email", "random@gmail.com"], ["id", 1], ["LIMIT", 1]]
  ↳ app/models/user.rb:29
  [1m[36mUser Exists (0.8ms)[0m  [1m[34mSELECT  1 AS one FROM "users" WHERE "users"."session_token" = $1 AND "users"."id" != $2 LIMIT $3[0m  [["session_token", "0dfO7zh5BtiekuW__Tv-Qw"], ["id", 1], ["LIMIT", 1]]
  ↳ app/models/user.rb:29
  [1m[36mUser Update (3.6ms)[0m  [1m[33mUPDATE "users" SET "session_token" = $1, "updated_at" = $2 WHERE "users"."id" = $3[0m  [["session_token", "0dfO7zh5BtiekuW__Tv-Qw"], ["updated_at", "2020-11-18 20:46:47.455437"], ["id", 1]]
  ↳ app/models/user.rb:29
  [1m[35m (1.3ms)[0m  [1m[35mCOMMIT[0m
  ↳ app/models/user.rb:29
  Rendering api/users/show.json.jbuilder
  Rendered api/users/_user.json.jbuilder (0.4ms)
  Rendered api/users/show.json.jbuilder (2.6ms)
Completed 200 OK in 10591ms (Views: 20.4ms | ActiveRecord: 18.8ms)


Started POST "/api/session" for ::1 at 2020-11-18 15:48:13 -0500
Processing by Api::SessionsController#create as JSON
  Parameters: {"user"=>{"email"=>"random@gmail.com", "password"=>"[FILTERED]"}}
  [1m[36mUser Load (0.6ms)[0m  [1m[34mSELECT  "users".* FROM "users" WHERE "users"."email" = $1 LIMIT $2[0m  [["email", "random@gmail.com"], ["LIMIT", 1]]
  ↳ app/models/user.rb:13
  [1m[36mUser Load (1.2ms)[0m  [1m[34mSELECT  "users".* FROM "users" WHERE "users"."session_token" = $1 LIMIT $2[0m  [["session_token", "xt1DHpeOTJhZyozVE_lm2Q"], ["LIMIT", 1]]
  ↳ app/models/user.rb:45
  [1m[35m (0.3ms)[0m  [1m[35mBEGIN[0m
  ↳ app/models/user.rb:29
  [1m[36mUser Exists (0.7ms)[0m  [1m[34mSELECT  1 AS one FROM "users" WHERE "users"."email" = $1 AND "users"."id" != $2 LIMIT $3[0m  [["email", "random@gmail.com"], ["id", 1], ["LIMIT", 1]]
  ↳ app/models/user.rb:29
  [1m[36mUser Exists (0.9ms)[0m  [1m[34mSELECT  1 AS one FROM "users" WHERE "users"."session_token" = $1 AND "users"."id" != $2 LIMIT $3[0m  [["session_token", "xt1DHpeOTJhZyozVE_lm2Q"], ["id", 1], ["LIMIT", 1]]
  ↳ app/models/user.rb:29
  [1m[36mUser Update (0.9ms)[0m  [1m[33mUPDATE "users" SET "session_token" = $1, "updated_at" = $2 WHERE "users"."id" = $3[0m  [["session_token", "xt1DHpeOTJhZyozVE_lm2Q"], ["updated_at", "2020-11-18 20:48:57.558232"], ["id", 1]]
  ↳ app/models/user.rb:29
  [1m[35m (0.6ms)[0m  [1m[35mCOMMIT[0m
  ↳ app/models/user.rb:29
  Rendering api/users/show.json.jbuilder
  Rendered api/users/_user.json.jbuilder (0.4ms)
  Rendered api/users/show.json.jbuilder (3.4ms)
Completed 200 OK in 55704ms (Views: 21.3ms | ActiveRecord: 5.1ms)


Started POST "/api/session" for ::1 at 2020-11-18 15:49:23 -0500
Processing by Api::SessionsController#create as JSON
  Parameters: {"user"=>{"email"=>"random@gmail.com", "password"=>"[FILTERED]"}}
  [1m[36mUser Load (0.6ms)[0m  [1m[34mSELECT  "users".* FROM "users" WHERE "users"."email" = $1 LIMIT $2[0m  [["email", "random@gmail.com"], ["LIMIT", 1]]
  ↳ app/models/user.rb:13
  [1m[36mUser Load (1.0ms)[0m  [1m[34mSELECT  "users".* FROM "users" WHERE "users"."session_token" = $1 LIMIT $2[0m  [["session_token", "iFMHbeyOloPl6SRPJMCQCg"], ["LIMIT", 1]]
  ↳ app/models/user.rb:45
  [1m[35m (0.3ms)[0m  [1m[35mBEGIN[0m
  ↳ app/models/user.rb:29
  [1m[36mUser Exists (0.9ms)[0m  [1m[34mSELECT  1 AS one FROM "users" WHERE "users"."email" = $1 AND "users"."id" != $2 LIMIT $3[0m  [["email", "random@gmail.com"], ["id", 1], ["LIMIT", 1]]
  ↳ app/models/user.rb:29
  [1m[36mUser Exists (0.9ms)[0m  [1m[34mSELECT  1 AS one FROM "users" WHERE "users"."session_token" = $1 AND "users"."id" != $2 LIMIT $3[0m  [["session_token", "iFMHbeyOloPl6SRPJMCQCg"], ["id", 1], ["LIMIT", 1]]
  ↳ app/models/user.rb:29
  [1m[36mUser Update (1.4ms)[0m  [1m[33mUPDATE "users" SET "session_token" = $1, "updated_at" = $2 WHERE "users"."id" = $3[0m  [["session_token", "iFMHbeyOloPl6SRPJMCQCg"], ["updated_at", "2020-11-18 20:49:53.783398"], ["id", 1]]
  ↳ app/models/user.rb:29
  [1m[35m (0.7ms)[0m  [1m[35mCOMMIT[0m
  ↳ app/models/user.rb:29
  Rendering api/users/show.json.jbuilder
  Rendered api/users/_user.json.jbuilder (0.7ms)
  Rendered api/users/show.json.jbuilder (2.8ms)
Completed 200 OK in 32524ms (Views: 19.1ms | ActiveRecord: 5.6ms)


Started POST "/api/session" for ::1 at 2020-11-18 15:51:39 -0500
  [1m[35m (1.1ms)[0m  [1m[34mSELECT "schema_migrations"."version" FROM "schema_migrations" ORDER BY "schema_migrations"."version" ASC[0m
  ↳ /Users/anthonycollichio/.rbenv/versions/2.5.1/lib/ruby/gems/2.5.0/gems/activerecord-5.2.4.4/lib/active_record/log_subscriber.rb:98
Processing by Api::SessionsController#create as JSON
  Parameters: {"user"=>{"email"=>"random@gmail.com", "password"=>"[FILTERED]"}}
  [1m[36mUser Load (0.9ms)[0m  [1m[34mSELECT  "users".* FROM "users" WHERE "users"."email" = $1 LIMIT $2[0m  [["email", "random@gmail.com"], ["LIMIT", 1]]
  ↳ app/models/user.rb:13
  [1m[36mUser Load (0.8ms)[0m  [1m[34mSELECT  "users".* FROM "users" WHERE "users"."session_token" = $1 LIMIT $2[0m  [["session_token", "s-4hNzfFXmTPmZ-DCfXuEA"], ["LIMIT", 1]]
  ↳ app/models/user.rb:45
  [1m[35m (0.9ms)[0m  [1m[35mBEGIN[0m
  ↳ app/models/user.rb:29
  [1m[36mUser Exists (1.1ms)[0m  [1m[34mSELECT  1 AS one FROM "users" WHERE "users"."email" = $1 AND "users"."id" != $2 LIMIT $3[0m  [["email", "random@gmail.com"], ["id", 1], ["LIMIT", 1]]
  ↳ app/models/user.rb:29
  [1m[36mUser Exists (0.6ms)[0m  [1m[34mSELECT  1 AS one FROM "users" WHERE "users"."session_token" = $1 AND "users"."id" != $2 LIMIT $3[0m  [["session_token", "s-4hNzfFXmTPmZ-DCfXuEA"], ["id", 1], ["LIMIT", 1]]
  ↳ app/models/user.rb:29
  [1m[36mUser Update (3.1ms)[0m  [1m[33mUPDATE "users" SET "session_token" = $1, "updated_at" = $2 WHERE "users"."id" = $3[0m  [["session_token", "s-4hNzfFXmTPmZ-DCfXuEA"], ["updated_at", "2020-11-18 20:51:47.922762"], ["id", 1]]
  ↳ app/models/user.rb:29
  [1m[35m (0.8ms)[0m  [1m[35mCOMMIT[0m
  ↳ app/models/user.rb:29
  Rendering api/users/show.json.jbuilder
  Rendered api/users/_user.json.jbuilder (0.4ms)
  Rendered api/users/show.json.jbuilder (2.7ms)
Completed 200 OK in 10696ms (Views: 36.6ms | ActiveRecord: 15.0ms)


Started DELETE "/api/session" for ::1 at 2020-11-18 15:52:00 -0500
Processing by Api::SessionsController#destroy as JSON
  [1m[36mUser Load (2.4ms)[0m  [1m[34mSELECT  "users".* FROM "users" WHERE "users"."session_token" = $1 LIMIT $2[0m  [["session_token", "s-4hNzfFXmTPmZ-DCfXuEA"], ["LIMIT", 1]]
  ↳ app/controllers/application_controller.rb:10
  [1m[36mUser Load (1.0ms)[0m  [1m[34mSELECT  "users".* FROM "users" WHERE "users"."session_token" = $1 LIMIT $2[0m  [["session_token", "NMF8ZnObUXF5JH4sVgW2mQ"], ["LIMIT", 1]]
  ↳ app/models/user.rb:45
  [1m[35m (0.2ms)[0m  [1m[35mBEGIN[0m
  ↳ app/models/user.rb:29
  [1m[36mUser Exists (1.1ms)[0m  [1m[34mSELECT  1 AS one FROM "users" WHERE "users"."email" = $1 AND "users"."id" != $2 LIMIT $3[0m  [["email", "random@gmail.com"], ["id", 1], ["LIMIT", 1]]
  ↳ app/models/user.rb:29
  [1m[36mUser Exists (0.6ms)[0m  [1m[34mSELECT  1 AS one FROM "users" WHERE "users"."session_token" = $1 AND "users"."id" != $2 LIMIT $3[0m  [["session_token", "NMF8ZnObUXF5JH4sVgW2mQ"], ["id", 1], ["LIMIT", 1]]
  ↳ app/models/user.rb:29
  [1m[36mUser Update (0.9ms)[0m  [1m[33mUPDATE "users" SET "session_token" = $1, "updated_at" = $2 WHERE "users"."id" = $3[0m  [["session_token", "NMF8ZnObUXF5JH4sVgW2mQ"], ["updated_at", "2020-11-18 20:52:00.976716"], ["id", 1]]
  ↳ app/models/user.rb:29
  [1m[35m (0.9ms)[0m  [1m[35mCOMMIT[0m
  ↳ app/models/user.rb:29
Completed 500 Internal Server Error in 27ms (ActiveRecord: 7.2ms)



ActionView::MissingTemplate - Missing template api/sessions/destroy, application/destroy with {:locale=>[:en], :formats=>[:json], :variants=>[], :handlers=>[:raw, :erb, :html, :builder, :ruby, :coffee, :jbuilder]}. Searched in:
  * "/Users/anthonycollichio/Desktop/TheNostalgiaBook/TheNostalgiaBook/app/views":
  app/controllers/api/sessions_controller.rb:22:in `destroy'

Started GET "/" for ::1 at 2020-11-18 15:54:04 -0500
  [1m[35m (1.8ms)[0m  [1m[34mSELECT "schema_migrations"."version" FROM "schema_migrations" ORDER BY "schema_migrations"."version" ASC[0m
  ↳ /Users/anthonycollichio/.rbenv/versions/2.5.1/lib/ruby/gems/2.5.0/gems/activerecord-5.2.4.4/lib/active_record/log_subscriber.rb:98
Processing by StaticPagesController#root as HTML
  Rendering static_pages/root.html.erb within layouts/application
  Rendered static_pages/root.html.erb within layouts/application (1.0ms)
Completed 200 OK in 905ms (Views: 902.4ms | ActiveRecord: 0.0ms)


Started POST "/api/session" for ::1 at 2020-11-18 15:54:10 -0500
Processing by Api::SessionsController#create as JSON
  Parameters: {"user"=>{"email"=>"random@gmail.com", "password"=>"[FILTERED]"}}
  [1m[36mUser Load (1.4ms)[0m  [1m[34mSELECT  "users".* FROM "users" WHERE "users"."email" = $1 LIMIT $2[0m  [["email", "random@gmail.com"], ["LIMIT", 1]]
  ↳ app/models/user.rb:13
  [1m[36mUser Load (0.8ms)[0m  [1m[34mSELECT  "users".* FROM "users" WHERE "users"."session_token" = $1 LIMIT $2[0m  [["session_token", "ueedNBTVAThtkD73GUBVNw"], ["LIMIT", 1]]
  ↳ app/models/user.rb:45
  [1m[35m (0.3ms)[0m  [1m[35mBEGIN[0m
  ↳ app/models/user.rb:29
  [1m[36mUser Exists (1.1ms)[0m  [1m[34mSELECT  1 AS one FROM "users" WHERE "users"."email" = $1 AND "users"."id" != $2 LIMIT $3[0m  [["email", "random@gmail.com"], ["id", 1], ["LIMIT", 1]]
  ↳ app/models/user.rb:29
  [1m[36mUser Exists (0.8ms)[0m  [1m[34mSELECT  1 AS one FROM "users" WHERE "users"."session_token" = $1 AND "users"."id" != $2 LIMIT $3[0m  [["session_token", "ueedNBTVAThtkD73GUBVNw"], ["id", 1], ["LIMIT", 1]]
  ↳ app/models/user.rb:29
  [1m[36mUser Update (0.9ms)[0m  [1m[33mUPDATE "users" SET "session_token" = $1, "updated_at" = $2 WHERE "users"."id" = $3[0m  [["session_token", "ueedNBTVAThtkD73GUBVNw"], ["updated_at", "2020-11-18 20:54:16.191151"], ["id", 1]]
  ↳ app/models/user.rb:29
  [1m[35m (0.8ms)[0m  [1m[35mCOMMIT[0m
  ↳ app/models/user.rb:29
  Rendering api/users/show.json.jbuilder
  Rendered api/users/_user.json.jbuilder (0.4ms)
  Rendered api/users/show.json.jbuilder (2.6ms)
Completed 200 OK in 9003ms (Views: 22.2ms | ActiveRecord: 14.9ms)


Started DELETE "/api/session" for ::1 at 2020-11-18 15:54:27 -0500
Processing by Api::SessionsController#destroy as JSON
  [1m[36mUser Load (0.7ms)[0m  [1m[34mSELECT  "users".* FROM "users" WHERE "users"."session_token" = $1 LIMIT $2[0m  [["session_token", "ueedNBTVAThtkD73GUBVNw"], ["LIMIT", 1]]
  ↳ app/controllers/application_controller.rb:10
  [1m[36mUser Load (5.7ms)[0m  [1m[34mSELECT  "users".* FROM "users" WHERE "users"."session_token" = $1 LIMIT $2[0m  [["session_token", "V23gK4eno_f54Hh-7KblPw"], ["LIMIT", 1]]
  ↳ app/models/user.rb:45
  [1m[35m (0.3ms)[0m  [1m[35mBEGIN[0m
  ↳ app/models/user.rb:29
  [1m[36mUser Exists (1.2ms)[0m  [1m[34mSELECT  1 AS one FROM "users" WHERE "users"."email" = $1 AND "users"."id" != $2 LIMIT $3[0m  [["email", "random@gmail.com"], ["id", 1], ["LIMIT", 1]]
  ↳ app/models/user.rb:29
  [1m[36mUser Exists (0.6ms)[0m  [1m[34mSELECT  1 AS one FROM "users" WHERE "users"."session_token" = $1 AND "users"."id" != $2 LIMIT $3[0m  [["session_token", "V23gK4eno_f54Hh-7KblPw"], ["id", 1], ["LIMIT", 1]]
  ↳ app/models/user.rb:29
  [1m[36mUser Update (1.1ms)[0m  [1m[33mUPDATE "users" SET "session_token" = $1, "updated_at" = $2 WHERE "users"."id" = $3[0m  [["session_token", "V23gK4eno_f54Hh-7KblPw"], ["updated_at", "2020-11-18 20:54:45.765227"], ["id", 1]]
  ↳ app/models/user.rb:29
  [1m[35m (0.6ms)[0m  [1m[35mCOMMIT[0m
  ↳ app/models/user.rb:29
  Rendering api/users/show.json.jbuilder
  Rendered api/users/_user.json.jbuilder (0.5ms)
  Rendered api/users/show.json.jbuilder (2.5ms)
Completed 200 OK in 18264ms (Views: 15.1ms | ActiveRecord: 10.2ms)


Started GET "/" for ::1 at 2020-11-18 15:58:57 -0500
  [1m[35m (1.7ms)[0m  [1m[34mSELECT "schema_migrations"."version" FROM "schema_migrations" ORDER BY "schema_migrations"."version" ASC[0m
  ↳ /Users/anthonycollichio/.rbenv/versions/2.5.1/lib/ruby/gems/2.5.0/gems/activerecord-5.2.4.4/lib/active_record/log_subscriber.rb:98
Processing by StaticPagesController#root as HTML
  Rendering static_pages/root.html.erb within layouts/application
  Rendered static_pages/root.html.erb within layouts/application (0.9ms)
Completed 200 OK in 1090ms (Views: 1087.6ms | ActiveRecord: 0.0ms)


Started POST "/api/user" for ::1 at 2020-11-18 15:59:09 -0500
Processing by Api::UsersController#create as JSON
  Parameters: {"user"=>{"email"=>"random200000@gmail.com", "password"=>"[FILTERED]", "full_name"=>"christoph2000", "birth_date"=>"12/3/45", "gender"=>"male"}}
  [1m[36mUser Load (0.8ms)[0m  [1m[34mSELECT  "users".* FROM "users" WHERE "users"."session_token" = $1 LIMIT $2[0m  [["session_token", "kzWycOGa0gdo1JbEqcZgEQ"], ["LIMIT", 1]]
  ↳ app/models/user.rb:45
  [1m[35m (0.6ms)[0m  [1m[35mBEGIN[0m
  ↳ app/controllers/api/users_controller.rb:5
  [1m[36mUser Exists (0.8ms)[0m  [1m[34mSELECT  1 AS one FROM "users" WHERE "users"."email" = $1 LIMIT $2[0m  [["email", "random200000@gmail.com"], ["LIMIT", 1]]
  ↳ app/controllers/api/users_controller.rb:5
  [1m[36mUser Exists (0.9ms)[0m  [1m[34mSELECT  1 AS one FROM "users" WHERE "users"."session_token" = $1 LIMIT $2[0m  [["session_token", "kzWycOGa0gdo1JbEqcZgEQ"], ["LIMIT", 1]]
  ↳ app/controllers/api/users_controller.rb:5
  [1m[36mUser Create (2.7ms)[0m  [1m[32mINSERT INTO "users" ("full_name", "email", "session_token", "password_digest", "gender", "birth_date", "created_at", "updated_at") VALUES ($1, $2, $3, $4, $5, $6, $7, $8) RETURNING "id"[0m  [["full_name", "christoph2000"], ["email", "random200000@gmail.com"], ["session_token", "kzWycOGa0gdo1JbEqcZgEQ"], ["password_digest", "$2a$12$FbxFntiPt3XzgrZ/ku0JOOxgMRghQWGW0z9RDMEetKJsRVQeg.eAO"], ["gender", "male"], ["birth_date", "12/3/45"], ["created_at", "2020-11-18 20:59:16.532178"], ["updated_at", "2020-11-18 20:59:16.532178"]]
  ↳ app/controllers/api/users_controller.rb:5
  [1m[35m (2.6ms)[0m  [1m[35mCOMMIT[0m
  ↳ app/controllers/api/users_controller.rb:5
  [1m[36mUser Load (1.6ms)[0m  [1m[34mSELECT  "users".* FROM "users" WHERE "users"."session_token" = $1 LIMIT $2[0m  [["session_token", "4I6VxSRYnm2OKR0IWhxvCw"], ["LIMIT", 1]]
  ↳ app/models/user.rb:45
  [1m[35m (0.4ms)[0m  [1m[35mBEGIN[0m
  ↳ app/models/user.rb:29
  [1m[36mUser Exists (1.1ms)[0m  [1m[34mSELECT  1 AS one FROM "users" WHERE "users"."email" = $1 AND "users"."id" != $2 LIMIT $3[0m  [["email", "random200000@gmail.com"], ["id", 2], ["LIMIT", 1]]
  ↳ app/models/user.rb:29
  [1m[36mUser Exists (1.1ms)[0m  [1m[34mSELECT  1 AS one FROM "users" WHERE "users"."session_token" = $1 AND "users"."id" != $2 LIMIT $3[0m  [["session_token", "4I6VxSRYnm2OKR0IWhxvCw"], ["id", 2], ["LIMIT", 1]]
  ↳ app/models/user.rb:29
  [1m[36mUser Update (2.1ms)[0m  [1m[33mUPDATE "users" SET "session_token" = $1, "updated_at" = $2 WHERE "users"."id" = $3[0m  [["session_token", "4I6VxSRYnm2OKR0IWhxvCw"], ["updated_at", "2020-11-18 21:02:14.780192"], ["id", 2]]
  ↳ app/models/user.rb:29
  [1m[35m (0.7ms)[0m  [1m[35mCOMMIT[0m
  ↳ app/models/user.rb:29
  Rendering api/users/show.json.jbuilder
  Rendered api/users/_user.json.jbuilder (0.4ms)
  Rendered api/users/show.json.jbuilder (2.6ms)
Completed 200 OK in 185375ms (Views: 15.1ms | ActiveRecord: 24.4ms)


Started DELETE "/api/session" for ::1 at 2020-11-18 16:06:35 -0500
Processing by Api::SessionsController#destroy as JSON
  [1m[36mUser Load (0.6ms)[0m  [1m[34mSELECT  "users".* FROM "users" WHERE "users"."session_token" = $1 LIMIT $2[0m  [["session_token", "4I6VxSRYnm2OKR0IWhxvCw"], ["LIMIT", 1]]
  ↳ app/controllers/application_controller.rb:10
  [1m[36mUser Load (0.5ms)[0m  [1m[34mSELECT  "users".* FROM "users" WHERE "users"."session_token" = $1 LIMIT $2[0m  [["session_token", "K1RPGuwDsvabJD6CqxFKwA"], ["LIMIT", 1]]
  ↳ app/models/user.rb:45
  [1m[35m (0.2ms)[0m  [1m[35mBEGIN[0m
  ↳ app/models/user.rb:29
  [1m[36mUser Exists (1.7ms)[0m  [1m[34mSELECT  1 AS one FROM "users" WHERE "users"."email" = $1 AND "users"."id" != $2 LIMIT $3[0m  [["email", "random200000@gmail.com"], ["id", 2], ["LIMIT", 1]]
  ↳ app/models/user.rb:29
  [1m[36mUser Exists (0.5ms)[0m  [1m[34mSELECT  1 AS one FROM "users" WHERE "users"."session_token" = $1 AND "users"."id" != $2 LIMIT $3[0m  [["session_token", "K1RPGuwDsvabJD6CqxFKwA"], ["id", 2], ["LIMIT", 1]]
  ↳ app/models/user.rb:29
  [1m[36mUser Update (12.1ms)[0m  [1m[33mUPDATE "users" SET "session_token" = $1, "updated_at" = $2 WHERE "users"."id" = $3[0m  [["session_token", "K1RPGuwDsvabJD6CqxFKwA"], ["updated_at", "2020-11-18 21:06:35.287290"], ["id", 2]]
  ↳ app/models/user.rb:29
  [1m[35m (0.6ms)[0m  [1m[35mCOMMIT[0m
  ↳ app/models/user.rb:29
  Rendering api/users/show.json.jbuilder
  Rendered api/users/_user.json.jbuilder (0.3ms)
  Rendered api/users/show.json.jbuilder (2.6ms)
Completed 200 OK in 73ms (Views: 12.0ms | ActiveRecord: 22.3ms)


Started POST "/api/session" for ::1 at 2020-11-18 16:07:50 -0500
Processing by Api::SessionsController#create as JSON
  Parameters: {"user"=>{"email"=>"random@gmail.com", "password"=>"[FILTERED]"}}
  [1m[36mUser Load (0.6ms)[0m  [1m[34mSELECT  "users".* FROM "users" WHERE "users"."email" = $1 LIMIT $2[0m  [["email", "random@gmail.com"], ["LIMIT", 1]]
  ↳ app/models/user.rb:13
  [1m[36mUser Load (0.5ms)[0m  [1m[34mSELECT  "users".* FROM "users" WHERE "users"."session_token" = $1 LIMIT $2[0m  [["session_token", "ktlbglkI4HrCBrGVQgTQBg"], ["LIMIT", 1]]
  ↳ app/models/user.rb:45
  [1m[35m (0.2ms)[0m  [1m[35mBEGIN[0m
  ↳ app/models/user.rb:29
  [1m[36mUser Exists (0.5ms)[0m  [1m[34mSELECT  1 AS one FROM "users" WHERE "users"."email" = $1 AND "users"."id" != $2 LIMIT $3[0m  [["email", "random@gmail.com"], ["id", 1], ["LIMIT", 1]]
  ↳ app/models/user.rb:29
  [1m[36mUser Exists (0.4ms)[0m  [1m[34mSELECT  1 AS one FROM "users" WHERE "users"."session_token" = $1 AND "users"."id" != $2 LIMIT $3[0m  [["session_token", "ktlbglkI4HrCBrGVQgTQBg"], ["id", 1], ["LIMIT", 1]]
  ↳ app/models/user.rb:29
  [1m[36mUser Update (0.7ms)[0m  [1m[33mUPDATE "users" SET "session_token" = $1, "updated_at" = $2 WHERE "users"."id" = $3[0m  [["session_token", "ktlbglkI4HrCBrGVQgTQBg"], ["updated_at", "2020-11-18 21:07:50.585817"], ["id", 1]]
  ↳ app/models/user.rb:29
  [1m[35m (1.0ms)[0m  [1m[35mCOMMIT[0m
  ↳ app/models/user.rb:29
  Rendering api/users/show.json.jbuilder
  Rendered api/users/_user.json.jbuilder (0.4ms)
  Rendered api/users/show.json.jbuilder (2.2ms)
Completed 200 OK in 267ms (Views: 8.9ms | ActiveRecord: 4.0ms)


Started GET "/" for ::1 at 2020-11-18 16:27:55 -0500
  [1m[35m (2.6ms)[0m  [1m[34mSELECT "schema_migrations"."version" FROM "schema_migrations" ORDER BY "schema_migrations"."version" ASC[0m
  ↳ /Users/anthonycollichio/.rbenv/versions/2.5.1/lib/ruby/gems/2.5.0/gems/activerecord-5.2.4.4/lib/active_record/log_subscriber.rb:98
Processing by StaticPagesController#root as HTML
  Rendering static_pages/root.html.erb within layouts/application
  Rendered static_pages/root.html.erb within layouts/application (2.0ms)
Completed 200 OK in 1224ms (Views: 1220.9ms | ActiveRecord: 0.0ms)


Started GET "/" for ::1 at 2020-11-18 16:38:36 -0500
  [1m[35m (2.9ms)[0m  [1m[34mSELECT "schema_migrations"."version" FROM "schema_migrations" ORDER BY "schema_migrations"."version" ASC[0m
  ↳ /Users/anthonycollichio/.rbenv/versions/2.5.1/lib/ruby/gems/2.5.0/gems/activerecord-5.2.4.4/lib/active_record/log_subscriber.rb:98
Processing by StaticPagesController#root as HTML
  Rendering static_pages/root.html.erb within layouts/application
  Rendered static_pages/root.html.erb within layouts/application (2.1ms)
Completed 200 OK in 1262ms (Views: 1259.8ms | ActiveRecord: 0.0ms)


Started GET "/" for ::1 at 2020-11-18 16:40:11 -0500
  [1m[35m (1.4ms)[0m  [1m[34mSELECT "schema_migrations"."version" FROM "schema_migrations" ORDER BY "schema_migrations"."version" ASC[0m
  ↳ /Users/anthonycollichio/.rbenv/versions/2.5.1/lib/ruby/gems/2.5.0/gems/activerecord-5.2.4.4/lib/active_record/log_subscriber.rb:98
Processing by StaticPagesController#root as HTML
  Rendering static_pages/root.html.erb within layouts/application
  Rendered static_pages/root.html.erb within layouts/application (1.4ms)
Completed 200 OK in 1063ms (Views: 1060.5ms | ActiveRecord: 0.0ms)


Started GET "/" for ::1 at 2020-11-18 16:41:50 -0500
  [1m[35m (1.1ms)[0m  [1m[34mSELECT "schema_migrations"."version" FROM "schema_migrations" ORDER BY "schema_migrations"."version" ASC[0m
  ↳ /Users/anthonycollichio/.rbenv/versions/2.5.1/lib/ruby/gems/2.5.0/gems/activerecord-5.2.4.4/lib/active_record/log_subscriber.rb:98
Processing by StaticPagesController#root as HTML
  Rendering static_pages/root.html.erb within layouts/application
  Rendered static_pages/root.html.erb within layouts/application (1.6ms)
Completed 200 OK in 1311ms (Views: 1307.9ms | ActiveRecord: 0.0ms)


Started GET "/" for ::1 at 2020-11-18 16:42:37 -0500
  [1m[35m (1.5ms)[0m  [1m[34mSELECT "schema_migrations"."version" FROM "schema_migrations" ORDER BY "schema_migrations"."version" ASC[0m
  ↳ /Users/anthonycollichio/.rbenv/versions/2.5.1/lib/ruby/gems/2.5.0/gems/activerecord-5.2.4.4/lib/active_record/log_subscriber.rb:98
Processing by StaticPagesController#root as HTML
  Rendering static_pages/root.html.erb within layouts/application
  Rendered static_pages/root.html.erb within layouts/application (1.3ms)
Completed 200 OK in 1290ms (Views: 1287.4ms | ActiveRecord: 0.0ms)


Started GET "/" for ::1 at 2020-11-18 16:43:16 -0500
  [1m[35m (1.5ms)[0m  [1m[34mSELECT "schema_migrations"."version" FROM "schema_migrations" ORDER BY "schema_migrations"."version" ASC[0m
  ↳ /Users/anthonycollichio/.rbenv/versions/2.5.1/lib/ruby/gems/2.5.0/gems/activerecord-5.2.4.4/lib/active_record/log_subscriber.rb:98
Processing by StaticPagesController#root as HTML
  Rendering static_pages/root.html.erb within layouts/application
  Rendered static_pages/root.html.erb within layouts/application (1.3ms)
Completed 200 OK in 925ms (Views: 922.4ms | ActiveRecord: 0.0ms)


Started GET "/" for ::1 at 2020-11-18 16:45:28 -0500
  [1m[35m (1.1ms)[0m  [1m[34mSELECT "schema_migrations"."version" FROM "schema_migrations" ORDER BY "schema_migrations"."version" ASC[0m
  ↳ /Users/anthonycollichio/.rbenv/versions/2.5.1/lib/ruby/gems/2.5.0/gems/activerecord-5.2.4.4/lib/active_record/log_subscriber.rb:98
Processing by StaticPagesController#root as HTML
  Rendering static_pages/root.html.erb within layouts/application
  Rendered static_pages/root.html.erb within layouts/application (2.0ms)
Completed 200 OK in 846ms (Views: 843.2ms | ActiveRecord: 0.0ms)


Started GET "/" for ::1 at 2020-11-18 16:46:42 -0500
  [1m[35m (1.2ms)[0m  [1m[34mSELECT "schema_migrations"."version" FROM "schema_migrations" ORDER BY "schema_migrations"."version" ASC[0m
  ↳ /Users/anthonycollichio/.rbenv/versions/2.5.1/lib/ruby/gems/2.5.0/gems/activerecord-5.2.4.4/lib/active_record/log_subscriber.rb:98
Processing by StaticPagesController#root as HTML
  Rendering static_pages/root.html.erb within layouts/application
  Rendered static_pages/root.html.erb within layouts/application (1.4ms)
Completed 200 OK in 903ms (Views: 899.3ms | ActiveRecord: 0.0ms)


Started GET "/" for ::1 at 2020-11-18 16:50:15 -0500
Processing by StaticPagesController#root as HTML
  Rendering static_pages/root.html.erb within layouts/application
  Rendered static_pages/root.html.erb within layouts/application (0.7ms)
Completed 200 OK in 48ms (Views: 41.9ms | ActiveRecord: 0.0ms)


Started GET "/" for ::1 at 2020-11-18 16:51:26 -0500
  [1m[35m (2.2ms)[0m  [1m[34mSELECT "schema_migrations"."version" FROM "schema_migrations" ORDER BY "schema_migrations"."version" ASC[0m
  ↳ /Users/anthonycollichio/.rbenv/versions/2.5.1/lib/ruby/gems/2.5.0/gems/activerecord-5.2.4.4/lib/active_record/log_subscriber.rb:98
Processing by StaticPagesController#root as HTML
  Rendering static_pages/root.html.erb within layouts/application
  Rendered static_pages/root.html.erb within layouts/application (1.6ms)
Completed 200 OK in 1103ms (Views: 1100.2ms | ActiveRecord: 0.0ms)


Started POST "/api/user" for ::1 at 2020-11-18 16:52:32 -0500
Processing by Api::UsersController#create as JSON
  Parameters: {"user"=>{"email"=>"random@gmail.com", "password"=>"[FILTERED]", "full_name"=>"christoph", "birth_date"=>"12/3/45", "gender"=>"male"}}
  [1m[36mUser Load (0.9ms)[0m  [1m[34mSELECT  "users".* FROM "users" WHERE "users"."session_token" = $1 LIMIT $2[0m  [["session_token", "tweHglXR6EuA3fbLY3gMrw"], ["LIMIT", 1]]
  ↳ app/models/user.rb:45
  [1m[35m (0.5ms)[0m  [1m[35mBEGIN[0m
  ↳ app/controllers/api/users_controller.rb:5
  [1m[36mUser Exists (2.2ms)[0m  [1m[34mSELECT  1 AS one FROM "users" WHERE "users"."email" = $1 LIMIT $2[0m  [["email", "random@gmail.com"], ["LIMIT", 1]]
  ↳ app/controllers/api/users_controller.rb:5
  [1m[36mUser Exists (0.6ms)[0m  [1m[34mSELECT  1 AS one FROM "users" WHERE "users"."session_token" = $1 LIMIT $2[0m  [["session_token", "tweHglXR6EuA3fbLY3gMrw"], ["LIMIT", 1]]
  ↳ app/controllers/api/users_controller.rb:5
  [1m[35m (0.4ms)[0m  [1m[31mROLLBACK[0m
  ↳ app/controllers/api/users_controller.rb:5
Completed 422 Unprocessable Entity in 85522ms (Views: 0.3ms | ActiveRecord: 16.5ms)


Started GET "/" for ::1 at 2020-11-18 16:56:06 -0500
  [1m[35m (1.3ms)[0m  [1m[34mSELECT "schema_migrations"."version" FROM "schema_migrations" ORDER BY "schema_migrations"."version" ASC[0m
  ↳ /Users/anthonycollichio/.rbenv/versions/2.5.1/lib/ruby/gems/2.5.0/gems/activerecord-5.2.4.4/lib/active_record/log_subscriber.rb:98
Processing by StaticPagesController#root as HTML
  Rendering static_pages/root.html.erb within layouts/application
  Rendered static_pages/root.html.erb within layouts/application (1.6ms)
Completed 200 OK in 892ms (Views: 889.6ms | ActiveRecord: 0.0ms)


Started POST "/api/user" for ::1 at 2020-11-18 16:56:29 -0500
Processing by Api::UsersController#create as JSON
  Parameters: {"user"=>{"email"=>"random@gmail.com", "password"=>"[FILTERED]", "full_name"=>"christoph", "birth_date"=>"12/3/45", "gender"=>"male"}}
  [1m[36mUser Load (0.8ms)[0m  [1m[34mSELECT  "users".* FROM "users" WHERE "users"."session_token" = $1 LIMIT $2[0m  [["session_token", "N26fjYYLaREcuDlOyq4ksg"], ["LIMIT", 1]]
  ↳ app/models/user.rb:45
  [1m[35m (1.2ms)[0m  [1m[35mBEGIN[0m
  ↳ app/controllers/api/users_controller.rb:5
  [1m[36mUser Exists (1.1ms)[0m  [1m[34mSELECT  1 AS one FROM "users" WHERE "users"."email" = $1 LIMIT $2[0m  [["email", "random@gmail.com"], ["LIMIT", 1]]
  ↳ app/controllers/api/users_controller.rb:5
  [1m[36mUser Exists (0.7ms)[0m  [1m[34mSELECT  1 AS one FROM "users" WHERE "users"."session_token" = $1 LIMIT $2[0m  [["session_token", "N26fjYYLaREcuDlOyq4ksg"], ["LIMIT", 1]]
  ↳ app/controllers/api/users_controller.rb:5
  [1m[35m (0.4ms)[0m  [1m[31mROLLBACK[0m
  ↳ app/controllers/api/users_controller.rb:5
Completed 422 Unprocessable Entity in 9492ms (Views: 0.9ms | ActiveRecord: 15.6ms)


Started POST "/api/user" for ::1 at 2020-11-18 16:57:13 -0500
Processing by Api::UsersController#create as JSON
  Parameters: {"user"=>{"email"=>"random@gmail.com", "password"=>"[FILTERED]", "full_name"=>"christoph", "birth_date"=>"12/3/45", "gender"=>"male"}}
  [1m[36mUser Load (0.5ms)[0m  [1m[34mSELECT  "users".* FROM "users" WHERE "users"."session_token" = $1 LIMIT $2[0m  [["session_token", "cFrPX38bExE1tHLJDT8Ckw"], ["LIMIT", 1]]
  ↳ app/models/user.rb:45
  [1m[36mUser Load (1.1ms)[0m  [1m[34mSELECT  "users".* FROM "users" LIMIT $1[0m  [["LIMIT", 11]]
  ↳ app/controllers/api/users_controller.rb:5
  [1m[35m (0.9ms)[0m  [1m[35mBEGIN[0m
  ↳ app/controllers/api/users_controller.rb:5
  [1m[36mUser Exists (1.3ms)[0m  [1m[34mSELECT  1 AS one FROM "users" WHERE "users"."email" = $1 LIMIT $2[0m  [["email", "random@gmail.com"], ["LIMIT", 1]]
  ↳ app/controllers/api/users_controller.rb:5
  [1m[36mUser Exists (1.7ms)[0m  [1m[34mSELECT  1 AS one FROM "users" WHERE "users"."session_token" = $1 LIMIT $2[0m  [["session_token", "cFrPX38bExE1tHLJDT8Ckw"], ["LIMIT", 1]]
  ↳ app/controllers/api/users_controller.rb:5
  [1m[35m (1.6ms)[0m  [1m[31mROLLBACK[0m
  ↳ app/controllers/api/users_controller.rb:5
Completed 422 Unprocessable Entity in 74624ms (Views: 0.3ms | ActiveRecord: 7.1ms)


Started GET "/" for ::1 at 2020-11-18 16:58:53 -0500
  [1m[35m (2.1ms)[0m  [1m[34mSELECT "schema_migrations"."version" FROM "schema_migrations" ORDER BY "schema_migrations"."version" ASC[0m
  ↳ /Users/anthonycollichio/.rbenv/versions/2.5.1/lib/ruby/gems/2.5.0/gems/activerecord-5.2.4.4/lib/active_record/log_subscriber.rb:98
Processing by StaticPagesController#root as HTML
  Rendering static_pages/root.html.erb within layouts/application
  Rendered static_pages/root.html.erb within layouts/application (1.4ms)
Completed 200 OK in 893ms (Views: 890.2ms | ActiveRecord: 0.0ms)


Started POST "/api/user" for ::1 at 2020-11-18 16:59:04 -0500
Processing by Api::UsersController#create as JSON
  Parameters: {"user"=>{"email"=>"random@gmail.com", "password"=>"[FILTERED]", "full_name"=>"christoph", "birth_date"=>"12/3/45", "gender"=>"male"}}
  [1m[36mUser Load (1.5ms)[0m  [1m[34mSELECT  "users".* FROM "users" WHERE "users"."session_token" = $1 LIMIT $2[0m  [["session_token", "8EJhmTPJW1ksl1d2D4A-zw"], ["LIMIT", 1]]
  ↳ app/models/user.rb:45
  [1m[35m (1.3ms)[0m  [1m[35mBEGIN[0m
  ↳ app/controllers/api/users_controller.rb:5
  [1m[36mUser Exists (0.9ms)[0m  [1m[34mSELECT  1 AS one FROM "users" WHERE "users"."email" = $1 LIMIT $2[0m  [["email", "random@gmail.com"], ["LIMIT", 1]]
  ↳ app/controllers/api/users_controller.rb:5
  [1m[36mUser Exists (0.7ms)[0m  [1m[34mSELECT  1 AS one FROM "users" WHERE "users"."session_token" = $1 LIMIT $2[0m  [["session_token", "8EJhmTPJW1ksl1d2D4A-zw"], ["LIMIT", 1]]
  ↳ app/controllers/api/users_controller.rb:5
  [1m[35m (0.4ms)[0m  [1m[31mROLLBACK[0m
  ↳ app/controllers/api/users_controller.rb:5
Completed 422 Unprocessable Entity in 4280ms (Views: 0.3ms | ActiveRecord: 14.2ms)


Started POST "/api/user" for ::1 at 2020-11-18 17:00:22 -0500
Processing by Api::UsersController#create as JSON
  Parameters: {"user"=>{"email"=>"random@gmail.com", "password"=>"[FILTERED]", "full_name"=>"christoph", "birth_date"=>"12/3/45", "gender"=>"male"}}
  [1m[36mUser Load (0.6ms)[0m  [1m[34mSELECT  "users".* FROM "users" WHERE "users"."session_token" = $1 LIMIT $2[0m  [["session_token", "4RESqjP67pcZEoS-sxiy3g"], ["LIMIT", 1]]
  ↳ app/models/user.rb:45
  [1m[36mUser Load (1.0ms)[0m  [1m[34mSELECT  "users".* FROM "users" LIMIT $1[0m  [["LIMIT", 11]]
  ↳ app/controllers/api/users_controller.rb:5
  [1m[35m (0.7ms)[0m  [1m[35mBEGIN[0m
  ↳ app/controllers/api/users_controller.rb:5
  [1m[36mUser Exists (0.8ms)[0m  [1m[34mSELECT  1 AS one FROM "users" WHERE "users"."email" = $1 LIMIT $2[0m  [["email", "random@gmail.com"], ["LIMIT", 1]]
  ↳ app/controllers/api/users_controller.rb:5
  [1m[36mUser Exists (0.6ms)[0m  [1m[34mSELECT  1 AS one FROM "users" WHERE "users"."session_token" = $1 LIMIT $2[0m  [["session_token", "4RESqjP67pcZEoS-sxiy3g"], ["LIMIT", 1]]
  ↳ app/controllers/api/users_controller.rb:5
  [1m[35m (0.3ms)[0m  [1m[31mROLLBACK[0m
  ↳ app/controllers/api/users_controller.rb:5
Completed 422 Unprocessable Entity in 40884ms (Views: 0.2ms | ActiveRecord: 4.0ms)


Started GET "/" for ::1 at 2020-11-18 17:01:48 -0500
  [1m[35m (1.0ms)[0m  [1m[34mSELECT "schema_migrations"."version" FROM "schema_migrations" ORDER BY "schema_migrations"."version" ASC[0m
  ↳ /Users/anthonycollichio/.rbenv/versions/2.5.1/lib/ruby/gems/2.5.0/gems/activerecord-5.2.4.4/lib/active_record/log_subscriber.rb:98
Processing by StaticPagesController#root as HTML
  Rendering static_pages/root.html.erb within layouts/application
  Rendered static_pages/root.html.erb within layouts/application (1.6ms)
Completed 200 OK in 1085ms (Views: 1082.5ms | ActiveRecord: 0.0ms)


Started POST "/api/user" for ::1 at 2020-11-18 17:01:52 -0500
Processing by Api::UsersController#create as JSON
  Parameters: {"user"=>{"email"=>"random@gmail.com", "password"=>"[FILTERED]", "full_name"=>"christoph", "birth_date"=>"12/3/45", "gender"=>"male"}}
  [1m[36mUser Load (0.9ms)[0m  [1m[34mSELECT  "users".* FROM "users" WHERE "users"."session_token" = $1 LIMIT $2[0m  [["session_token", "ILZmcbto1zQI2-Pxj6LlHA"], ["LIMIT", 1]]
  ↳ app/models/user.rb:45
  [1m[36mUser Load (0.6ms)[0m  [1m[34mSELECT  "users".* FROM "users" LIMIT $1[0m  [["LIMIT", 11]]
  ↳ app/controllers/api/users_controller.rb:5
  [1m[35m (0.9ms)[0m  [1m[35mBEGIN[0m
  ↳ app/controllers/api/users_controller.rb:5
Started GET "/" for ::1 at 2020-11-18 17:03:02 -0500
  [1m[36mUser Exists (4.7ms)[0m  [1m[34mSELECT  1 AS one FROM "users" WHERE "users"."email" = $1 LIMIT $2[0m  [["email", "random@gmail.com"], ["LIMIT", 1]]
  ↳ app/controllers/api/users_controller.rb:5
  [1m[36mUser Exists (0.7ms)[0m  [1m[34mSELECT  1 AS one FROM "users" WHERE "users"."session_token" = $1 LIMIT $2[0m  [["session_token", "ILZmcbto1zQI2-Pxj6LlHA"], ["LIMIT", 1]]
  ↳ app/controllers/api/users_controller.rb:5
  [1m[35m (0.5ms)[0m  [1m[31mROLLBACK[0m
  ↳ app/controllers/api/users_controller.rb:5
Completed 422 Unprocessable Entity in 69784ms (Views: 0.5ms | ActiveRecord: 17.2ms)


Processing by StaticPagesController#root as HTML
  Rendering static_pages/root.html.erb within layouts/application
  Rendered static_pages/root.html.erb within layouts/application (0.5ms)
Completed 200 OK in 29ms (Views: 23.9ms | ActiveRecord: 0.0ms)


Started GET "/" for ::1 at 2020-11-18 17:03:43 -0500
  [1m[35m (2.6ms)[0m  [1m[34mSELECT "schema_migrations"."version" FROM "schema_migrations" ORDER BY "schema_migrations"."version" ASC[0m
  ↳ /Users/anthonycollichio/.rbenv/versions/2.5.1/lib/ruby/gems/2.5.0/gems/activerecord-5.2.4.4/lib/active_record/log_subscriber.rb:98
Processing by StaticPagesController#root as HTML
  Rendering static_pages/root.html.erb within layouts/application
  Rendered static_pages/root.html.erb within layouts/application (1.4ms)
Completed 200 OK in 1071ms (Views: 1068.1ms | ActiveRecord: 0.0ms)


Started POST "/api/user" for ::1 at 2020-11-18 17:03:57 -0500
Processing by Api::UsersController#create as JSON
  Parameters: {"user"=>{"email"=>"random_but_not@gmail.com", "password"=>"[FILTERED]", "full_name"=>"christoph", "birth_date"=>"12/3/45", "gender"=>"male"}}
  [1m[36mUser Load (0.8ms)[0m  [1m[34mSELECT  "users".* FROM "users" WHERE "users"."session_token" = $1 LIMIT $2[0m  [["session_token", "bgjSPdGmfYEstCL4fSiD5g"], ["LIMIT", 1]]
  ↳ app/models/user.rb:45
  [1m[35m (0.5ms)[0m  [1m[35mBEGIN[0m
  ↳ app/controllers/api/users_controller.rb:5
  [1m[36mUser Exists (0.9ms)[0m  [1m[34mSELECT  1 AS one FROM "users" WHERE "users"."email" = $1 LIMIT $2[0m  [["email", "random_but_not@gmail.com"], ["LIMIT", 1]]
  ↳ app/controllers/api/users_controller.rb:5
  [1m[36mUser Exists (0.7ms)[0m  [1m[34mSELECT  1 AS one FROM "users" WHERE "users"."session_token" = $1 LIMIT $2[0m  [["session_token", "bgjSPdGmfYEstCL4fSiD5g"], ["LIMIT", 1]]
  ↳ app/controllers/api/users_controller.rb:5
  [1m[36mUser Create (5.1ms)[0m  [1m[32mINSERT INTO "users" ("full_name", "email", "session_token", "password_digest", "gender", "birth_date", "created_at", "updated_at") VALUES ($1, $2, $3, $4, $5, $6, $7, $8) RETURNING "id"[0m  [["full_name", "christoph"], ["email", "random_but_not@gmail.com"], ["session_token", "bgjSPdGmfYEstCL4fSiD5g"], ["password_digest", "$2a$12$vza4ZPR.bYZ5gjw1pcSIdORb5Mj9jRzgw5JqASzcljtavsihoZN7W"], ["gender", "male"], ["birth_date", "12/3/45"], ["created_at", "2020-11-18 22:04:00.760139"], ["updated_at", "2020-11-18 22:04:00.760139"]]
  ↳ app/controllers/api/users_controller.rb:5
  [1m[35m (1.9ms)[0m  [1m[35mCOMMIT[0m
  ↳ app/controllers/api/users_controller.rb:5
  [1m[36mUser Load (0.8ms)[0m  [1m[34mSELECT  "users".* FROM "users" WHERE "users"."session_token" = $1 LIMIT $2[0m  [["session_token", "IPniRedkXt5ozm6AlSa2Ng"], ["LIMIT", 1]]
  ↳ app/models/user.rb:45
  [1m[35m (0.2ms)[0m  [1m[35mBEGIN[0m
  ↳ app/models/user.rb:29
  [1m[36mUser Exists (0.7ms)[0m  [1m[34mSELECT  1 AS one FROM "users" WHERE "users"."email" = $1 AND "users"."id" != $2 LIMIT $3[0m  [["email", "random_but_not@gmail.com"], ["id", 3], ["LIMIT", 1]]
  ↳ app/models/user.rb:29
  [1m[36mUser Exists (0.7ms)[0m  [1m[34mSELECT  1 AS one FROM "users" WHERE "users"."session_token" = $1 AND "users"."id" != $2 LIMIT $3[0m  [["session_token", "IPniRedkXt5ozm6AlSa2Ng"], ["id", 3], ["LIMIT", 1]]
  ↳ app/models/user.rb:29
  [1m[36mUser Update (1.1ms)[0m  [1m[33mUPDATE "users" SET "session_token" = $1, "updated_at" = $2 WHERE "users"."id" = $3[0m  [["session_token", "IPniRedkXt5ozm6AlSa2Ng"], ["updated_at", "2020-11-18 22:04:00.777776"], ["id", 3]]
  ↳ app/models/user.rb:29
  [1m[35m (2.9ms)[0m  [1m[35mCOMMIT[0m
  ↳ app/models/user.rb:29
  Rendering api/users/show.json.jbuilder
  Rendered api/users/_user.json.jbuilder (0.5ms)
  Rendered api/users/show.json.jbuilder (3.6ms)
Completed 200 OK in 3439ms (Views: 18.6ms | ActiveRecord: 28.3ms)


Started POST "/api/session" for ::1 at 2020-11-18 17:07:49 -0500
Processing by Api::SessionsController#create as JSON
  Parameters: {"user"=>{"email"=>"random_but_not@gmail.com", "password"=>"[FILTERED]", "full_name"=>"christoph", "birth_date"=>"12/3/45", "gender"=>"male"}}
  [1m[36mUser Load (0.6ms)[0m  [1m[34mSELECT  "users".* FROM "users" WHERE "users"."email" = $1 LIMIT $2[0m  [["email", "random_but_not@gmail.com"], ["LIMIT", 1]]
  ↳ app/models/user.rb:13
  [1m[36mUser Load (0.5ms)[0m  [1m[34mSELECT  "users".* FROM "users" WHERE "users"."session_token" = $1 LIMIT $2[0m  [["session_token", "-3rGGmJcSJ91sMW_ZxZWQg"], ["LIMIT", 1]]
  ↳ app/models/user.rb:45
  [1m[35m (0.2ms)[0m  [1m[35mBEGIN[0m
  ↳ app/models/user.rb:29
  [1m[36mUser Exists (0.5ms)[0m  [1m[34mSELECT  1 AS one FROM "users" WHERE "users"."email" = $1 AND "users"."id" != $2 LIMIT $3[0m  [["email", "random_but_not@gmail.com"], ["id", 3], ["LIMIT", 1]]
  ↳ app/models/user.rb:29
  [1m[36mUser Exists (0.5ms)[0m  [1m[34mSELECT  1 AS one FROM "users" WHERE "users"."session_token" = $1 AND "users"."id" != $2 LIMIT $3[0m  [["session_token", "-3rGGmJcSJ91sMW_ZxZWQg"], ["id", 3], ["LIMIT", 1]]
  ↳ app/models/user.rb:29
  [1m[36mUser Update (0.5ms)[0m  [1m[33mUPDATE "users" SET "session_token" = $1, "updated_at" = $2 WHERE "users"."id" = $3[0m  [["session_token", "-3rGGmJcSJ91sMW_ZxZWQg"], ["updated_at", "2020-11-18 22:07:49.907259"], ["id", 3]]
  ↳ app/models/user.rb:29
  [1m[35m (0.8ms)[0m  [1m[35mCOMMIT[0m
  ↳ app/models/user.rb:29
  Rendering api/users/show.json.jbuilder
  Rendered api/users/_user.json.jbuilder (0.4ms)
  Rendered api/users/show.json.jbuilder (2.4ms)
Completed 200 OK in 279ms (Views: 10.7ms | ActiveRecord: 3.6ms)


Started GET "/" for ::1 at 2020-11-18 17:21:20 -0500
  [1m[35m (3.7ms)[0m  [1m[34mSELECT "schema_migrations"."version" FROM "schema_migrations" ORDER BY "schema_migrations"."version" ASC[0m
  ↳ /Users/anthonycollichio/.rbenv/versions/2.5.1/lib/ruby/gems/2.5.0/gems/activerecord-5.2.4.4/lib/active_record/log_subscriber.rb:98
Processing by StaticPagesController#root as HTML
  Rendering static_pages/root.html.erb within layouts/application
  Rendered static_pages/root.html.erb within layouts/application (4.2ms)
Completed 200 OK in 1532ms (Views: 1526.0ms | ActiveRecord: 0.0ms)


Started GET "/" for ::1 at 2020-11-18 17:48:45 -0500
  [1m[35m (2.1ms)[0m  [1m[34mSELECT "schema_migrations"."version" FROM "schema_migrations" ORDER BY "schema_migrations"."version" ASC[0m
  ↳ /Users/anthonycollichio/.rbenv/versions/2.5.1/lib/ruby/gems/2.5.0/gems/activerecord-5.2.4.4/lib/active_record/log_subscriber.rb:98
Processing by StaticPagesController#root as HTML
  Rendering static_pages/root.html.erb within layouts/application
  Rendered static_pages/root.html.erb within layouts/application (1.3ms)
Completed 200 OK in 1421ms (Views: 1418.1ms | ActiveRecord: 0.0ms)


Started GET "/" for ::1 at 2020-11-18 17:52:46 -0500
  [1m[35m (2.6ms)[0m  [1m[34mSELECT "schema_migrations"."version" FROM "schema_migrations" ORDER BY "schema_migrations"."version" ASC[0m
  ↳ /Users/anthonycollichio/.rbenv/versions/2.5.1/lib/ruby/gems/2.5.0/gems/activerecord-5.2.4.4/lib/active_record/log_subscriber.rb:98
Processing by StaticPagesController#root as HTML
  Rendering static_pages/root.html.erb within layouts/application
  Rendered static_pages/root.html.erb within layouts/application (1.4ms)
Completed 200 OK in 1148ms (Views: 1144.9ms | ActiveRecord: 0.0ms)


Started GET "/" for ::1 at 2020-11-18 17:55:15 -0500
  [1m[35m (1.0ms)[0m  [1m[34mSELECT "schema_migrations"."version" FROM "schema_migrations" ORDER BY "schema_migrations"."version" ASC[0m
  ↳ /Users/anthonycollichio/.rbenv/versions/2.5.1/lib/ruby/gems/2.5.0/gems/activerecord-5.2.4.4/lib/active_record/log_subscriber.rb:98
Processing by StaticPagesController#root as HTML
  Rendering static_pages/root.html.erb within layouts/application
  Rendered static_pages/root.html.erb within layouts/application (1.3ms)
Completed 200 OK in 980ms (Views: 976.3ms | ActiveRecord: 0.0ms)


Started POST "/api/session" for ::1 at 2020-11-18 17:55:26 -0500
Processing by Api::SessionsController#create as JSON
  Parameters: {"user"=>{"email"=>"random@gmail.com", "password"=>"[FILTERED]", "full_name"=>"christoph", "birth_date"=>"12/3/45", "gender"=>"male"}}
  [1m[36mUser Load (1.1ms)[0m  [1m[34mSELECT  "users".* FROM "users" WHERE "users"."email" = $1 LIMIT $2[0m  [["email", "random@gmail.com"], ["LIMIT", 1]]
  ↳ app/models/user.rb:13
  [1m[36mUser Load (0.4ms)[0m  [1m[34mSELECT  "users".* FROM "users" WHERE "users"."session_token" = $1 LIMIT $2[0m  [["session_token", "pVvGK_erBhYfZ3Fw50-Dkw"], ["LIMIT", 1]]
  ↳ app/models/user.rb:45
  [1m[35m (0.2ms)[0m  [1m[35mBEGIN[0m
  ↳ app/models/user.rb:29
  [1m[36mUser Exists (0.6ms)[0m  [1m[34mSELECT  1 AS one FROM "users" WHERE "users"."email" = $1 AND "users"."id" != $2 LIMIT $3[0m  [["email", "random@gmail.com"], ["id", 1], ["LIMIT", 1]]
  ↳ app/models/user.rb:29
  [1m[36mUser Exists (0.4ms)[0m  [1m[34mSELECT  1 AS one FROM "users" WHERE "users"."session_token" = $1 AND "users"."id" != $2 LIMIT $3[0m  [["session_token", "pVvGK_erBhYfZ3Fw50-Dkw"], ["id", 1], ["LIMIT", 1]]
  ↳ app/models/user.rb:29
  [1m[36mUser Update (0.8ms)[0m  [1m[33mUPDATE "users" SET "session_token" = $1, "updated_at" = $2 WHERE "users"."id" = $3[0m  [["session_token", "pVvGK_erBhYfZ3Fw50-Dkw"], ["updated_at", "2020-11-18 22:55:27.277199"], ["id", 1]]
  ↳ app/models/user.rb:29
  [1m[35m (3.0ms)[0m  [1m[35mCOMMIT[0m
  ↳ app/models/user.rb:29
  Rendering api/users/show.json.jbuilder
  Rendered api/users/_user.json.jbuilder (0.4ms)
  Rendered api/users/show.json.jbuilder (2.7ms)
Completed 200 OK in 294ms (Views: 10.4ms | ActiveRecord: 19.3ms)


Started GET "/" for ::1 at 2020-11-18 18:06:13 -0500
  [1m[35m (3.8ms)[0m  [1m[34mSELECT "schema_migrations"."version" FROM "schema_migrations" ORDER BY "schema_migrations"."version" ASC[0m
  ↳ /Users/anthonycollichio/.rbenv/versions/2.5.1/lib/ruby/gems/2.5.0/gems/activerecord-5.2.4.4/lib/active_record/log_subscriber.rb:98
Processing by StaticPagesController#root as HTML
  Rendering static_pages/root.html.erb within layouts/application
  Rendered static_pages/root.html.erb within layouts/application (1.8ms)
Completed 200 OK in 1302ms (Views: 1296.8ms | ActiveRecord: 0.0ms)


Started POST "/api/session" for ::1 at 2020-11-18 18:06:27 -0500
Processing by Api::SessionsController#create as JSON
  Parameters: {"user"=>{"email"=>"random@gmail.com", "password"=>"[FILTERED]", "full_name"=>"christoph", "birth_date"=>"12/3/45", "gender"=>"male"}}
  [1m[36mUser Load (1.1ms)[0m  [1m[34mSELECT  "users".* FROM "users" WHERE "users"."email" = $1 LIMIT $2[0m  [["email", "random@gmail.com"], ["LIMIT", 1]]
  ↳ app/models/user.rb:13
  [1m[36mUser Load (0.4ms)[0m  [1m[34mSELECT  "users".* FROM "users" WHERE "users"."session_token" = $1 LIMIT $2[0m  [["session_token", "AbM6QiPm19fqWiRSfh2UHg"], ["LIMIT", 1]]
  ↳ app/models/user.rb:45
  [1m[35m (0.2ms)[0m  [1m[35mBEGIN[0m
  ↳ app/models/user.rb:29
  [1m[36mUser Exists (0.7ms)[0m  [1m[34mSELECT  1 AS one FROM "users" WHERE "users"."email" = $1 AND "users"."id" != $2 LIMIT $3[0m  [["email", "random@gmail.com"], ["id", 1], ["LIMIT", 1]]
  ↳ app/models/user.rb:29
  [1m[36mUser Exists (0.5ms)[0m  [1m[34mSELECT  1 AS one FROM "users" WHERE "users"."session_token" = $1 AND "users"."id" != $2 LIMIT $3[0m  [["session_token", "AbM6QiPm19fqWiRSfh2UHg"], ["id", 1], ["LIMIT", 1]]
  ↳ app/models/user.rb:29
  [1m[36mUser Update (0.8ms)[0m  [1m[33mUPDATE "users" SET "session_token" = $1, "updated_at" = $2 WHERE "users"."id" = $3[0m  [["session_token", "AbM6QiPm19fqWiRSfh2UHg"], ["updated_at", "2020-11-18 23:06:27.459094"], ["id", 1]]
  ↳ app/models/user.rb:29
  [1m[35m (1.2ms)[0m  [1m[35mCOMMIT[0m
  ↳ app/models/user.rb:29
  Rendering api/users/show.json.jbuilder
  Rendered api/users/_user.json.jbuilder (0.5ms)
  Rendered api/users/show.json.jbuilder (2.9ms)
Completed 200 OK in 298ms (Views: 12.0ms | ActiveRecord: 13.9ms)


Started GET "/" for ::1 at 2020-11-18 18:08:42 -0500
  [1m[35m (1.5ms)[0m  [1m[34mSELECT "schema_migrations"."version" FROM "schema_migrations" ORDER BY "schema_migrations"."version" ASC[0m
  ↳ /Users/anthonycollichio/.rbenv/versions/2.5.1/lib/ruby/gems/2.5.0/gems/activerecord-5.2.4.4/lib/active_record/log_subscriber.rb:98
Processing by StaticPagesController#root as HTML
  Rendering static_pages/root.html.erb within layouts/application
  Rendered static_pages/root.html.erb within layouts/application (0.9ms)
Completed 200 OK in 762ms (Views: 760.2ms | ActiveRecord: 0.0ms)


Started POST "/api/session" for ::1 at 2020-11-18 18:08:48 -0500
Processing by Api::SessionsController#create as JSON
  Parameters: {"user"=>{"email"=>"random@gmail.com", "password"=>"[FILTERED]", "full_name"=>"christoph", "birth_date"=>"12/3/45", "gender"=>"male"}}
  [1m[36mUser Load (1.1ms)[0m  [1m[34mSELECT  "users".* FROM "users" WHERE "users"."email" = $1 LIMIT $2[0m  [["email", "random@gmail.com"], ["LIMIT", 1]]
  ↳ app/models/user.rb:13
  [1m[36mUser Load (0.4ms)[0m  [1m[34mSELECT  "users".* FROM "users" WHERE "users"."session_token" = $1 LIMIT $2[0m  [["session_token", "zQ3iSrafAbmi40EHGz5epw"], ["LIMIT", 1]]
  ↳ app/models/user.rb:45
  [1m[35m (0.2ms)[0m  [1m[35mBEGIN[0m
  ↳ app/models/user.rb:29
  [1m[36mUser Exists (0.5ms)[0m  [1m[34mSELECT  1 AS one FROM "users" WHERE "users"."email" = $1 AND "users"."id" != $2 LIMIT $3[0m  [["email", "random@gmail.com"], ["id", 1], ["LIMIT", 1]]
  ↳ app/models/user.rb:29
  [1m[36mUser Exists (0.4ms)[0m  [1m[34mSELECT  1 AS one FROM "users" WHERE "users"."session_token" = $1 AND "users"."id" != $2 LIMIT $3[0m  [["session_token", "zQ3iSrafAbmi40EHGz5epw"], ["id", 1], ["LIMIT", 1]]
  ↳ app/models/user.rb:29
  [1m[36mUser Update (0.8ms)[0m  [1m[33mUPDATE "users" SET "session_token" = $1, "updated_at" = $2 WHERE "users"."id" = $3[0m  [["session_token", "zQ3iSrafAbmi40EHGz5epw"], ["updated_at", "2020-11-18 23:08:48.595231"], ["id", 1]]
  ↳ app/models/user.rb:29
  [1m[35m (1.0ms)[0m  [1m[35mCOMMIT[0m
  ↳ app/models/user.rb:29
  Rendering api/users/show.json.jbuilder
  Rendered api/users/_user.json.jbuilder (0.3ms)
  Rendered api/users/show.json.jbuilder (1.5ms)
Completed 200 OK in 278ms (Views: 8.1ms | ActiveRecord: 14.5ms)


Started GET "/" for ::1 at 2020-11-18 18:10:32 -0500
  [1m[35m (1.0ms)[0m  [1m[34mSELECT "schema_migrations"."version" FROM "schema_migrations" ORDER BY "schema_migrations"."version" ASC[0m
  ↳ /Users/anthonycollichio/.rbenv/versions/2.5.1/lib/ruby/gems/2.5.0/gems/activerecord-5.2.4.4/lib/active_record/log_subscriber.rb:98
Processing by StaticPagesController#root as HTML
  Rendering static_pages/root.html.erb within layouts/application
  Rendered static_pages/root.html.erb within layouts/application (1.4ms)
Completed 200 OK in 1037ms (Views: 1033.9ms | ActiveRecord: 0.0ms)


Started POST "/api/session" for ::1 at 2020-11-18 18:10:42 -0500
Processing by Api::SessionsController#create as JSON
  Parameters: {"user"=>{"email"=>"random@gmail.com", "password"=>"[FILTERED]", "full_name"=>"christoph", "birth_date"=>"12/3/45", "gender"=>"male"}}
  [1m[36mUser Load (1.2ms)[0m  [1m[34mSELECT  "users".* FROM "users" WHERE "users"."email" = $1 LIMIT $2[0m  [["email", "random@gmail.com"], ["LIMIT", 1]]
  ↳ app/models/user.rb:13
  [1m[36mUser Load (0.4ms)[0m  [1m[34mSELECT  "users".* FROM "users" WHERE "users"."session_token" = $1 LIMIT $2[0m  [["session_token", "5BgE-KF9VAyhyAIkW7Tjwg"], ["LIMIT", 1]]
  ↳ app/models/user.rb:45
  [1m[35m (0.2ms)[0m  [1m[35mBEGIN[0m
  ↳ app/models/user.rb:29
  [1m[36mUser Exists (0.5ms)[0m  [1m[34mSELECT  1 AS one FROM "users" WHERE "users"."email" = $1 AND "users"."id" != $2 LIMIT $3[0m  [["email", "random@gmail.com"], ["id", 1], ["LIMIT", 1]]
  ↳ app/models/user.rb:29
  [1m[36mUser Exists (0.4ms)[0m  [1m[34mSELECT  1 AS one FROM "users" WHERE "users"."session_token" = $1 AND "users"."id" != $2 LIMIT $3[0m  [["session_token", "5BgE-KF9VAyhyAIkW7Tjwg"], ["id", 1], ["LIMIT", 1]]
  ↳ app/models/user.rb:29
  [1m[36mUser Update (0.9ms)[0m  [1m[33mUPDATE "users" SET "session_token" = $1, "updated_at" = $2 WHERE "users"."id" = $3[0m  [["session_token", "5BgE-KF9VAyhyAIkW7Tjwg"], ["updated_at", "2020-11-18 23:10:42.307342"], ["id", 1]]
  ↳ app/models/user.rb:29
  [1m[35m (1.4ms)[0m  [1m[35mCOMMIT[0m
  ↳ app/models/user.rb:29
  Rendering api/users/show.json.jbuilder
  Rendered api/users/_user.json.jbuilder (0.4ms)
  Rendered api/users/show.json.jbuilder (2.9ms)
Completed 200 OK in 300ms (Views: 10.5ms | ActiveRecord: 14.7ms)


Started GET "/" for ::1 at 2020-11-18 18:12:56 -0500
  [1m[35m (1.1ms)[0m  [1m[34mSELECT "schema_migrations"."version" FROM "schema_migrations" ORDER BY "schema_migrations"."version" ASC[0m
  ↳ /Users/anthonycollichio/.rbenv/versions/2.5.1/lib/ruby/gems/2.5.0/gems/activerecord-5.2.4.4/lib/active_record/log_subscriber.rb:98
Processing by StaticPagesController#root as HTML
  Rendering static_pages/root.html.erb within layouts/application
  Rendered static_pages/root.html.erb within layouts/application (0.9ms)
Completed 200 OK in 918ms (Views: 915.5ms | ActiveRecord: 0.0ms)


Started POST "/api/session" for ::1 at 2020-11-18 18:13:00 -0500
Processing by Api::SessionsController#create as JSON
  Parameters: {"user"=>{"email"=>"random@gmail.com", "password"=>"[FILTERED]", "full_name"=>"christoph", "birth_date"=>"12/3/45", "gender"=>"male"}}
  [1m[36mUser Load (1.2ms)[0m  [1m[34mSELECT  "users".* FROM "users" WHERE "users"."email" = $1 LIMIT $2[0m  [["email", "random@gmail.com"], ["LIMIT", 1]]
  ↳ app/models/user.rb:13
  [1m[36mUser Load (0.4ms)[0m  [1m[34mSELECT  "users".* FROM "users" WHERE "users"."session_token" = $1 LIMIT $2[0m  [["session_token", "C4Dl_2yyi-VA4jjTBTjAwg"], ["LIMIT", 1]]
  ↳ app/models/user.rb:45
  [1m[35m (0.1ms)[0m  [1m[35mBEGIN[0m
  ↳ app/models/user.rb:29
  [1m[36mUser Exists (0.5ms)[0m  [1m[34mSELECT  1 AS one FROM "users" WHERE "users"."email" = $1 AND "users"."id" != $2 LIMIT $3[0m  [["email", "random@gmail.com"], ["id", 1], ["LIMIT", 1]]
  ↳ app/models/user.rb:29
  [1m[36mUser Exists (0.4ms)[0m  [1m[34mSELECT  1 AS one FROM "users" WHERE "users"."session_token" = $1 AND "users"."id" != $2 LIMIT $3[0m  [["session_token", "C4Dl_2yyi-VA4jjTBTjAwg"], ["id", 1], ["LIMIT", 1]]
  ↳ app/models/user.rb:29
  [1m[36mUser Update (0.8ms)[0m  [1m[33mUPDATE "users" SET "session_token" = $1, "updated_at" = $2 WHERE "users"."id" = $3[0m  [["session_token", "C4Dl_2yyi-VA4jjTBTjAwg"], ["updated_at", "2020-11-18 23:13:00.379302"], ["id", 1]]
  ↳ app/models/user.rb:29
  [1m[35m (1.8ms)[0m  [1m[35mCOMMIT[0m
  ↳ app/models/user.rb:29
  Rendering api/users/show.json.jbuilder
  Rendered api/users/_user.json.jbuilder (0.3ms)
  Rendered api/users/show.json.jbuilder (1.6ms)
Completed 200 OK in 296ms (Views: 8.4ms | ActiveRecord: 14.0ms)


Started DELETE "/api/session" for ::1 at 2020-11-18 18:13:16 -0500
Processing by Api::SessionsController#destroy as JSON
  [1m[36mUser Load (0.7ms)[0m  [1m[34mSELECT  "users".* FROM "users" WHERE "users"."session_token" = $1 LIMIT $2[0m  [["session_token", "C4Dl_2yyi-VA4jjTBTjAwg"], ["LIMIT", 1]]
  ↳ app/controllers/application_controller.rb:10
  [1m[36mUser Load (1.3ms)[0m  [1m[34mSELECT  "users".* FROM "users" WHERE "users"."session_token" = $1 LIMIT $2[0m  [["session_token", "ry8FchRYyV9fQBlz6G1RBA"], ["LIMIT", 1]]
  ↳ app/models/user.rb:45
  [1m[35m (0.2ms)[0m  [1m[35mBEGIN[0m
  ↳ app/models/user.rb:29
  [1m[36mUser Exists (0.6ms)[0m  [1m[34mSELECT  1 AS one FROM "users" WHERE "users"."email" = $1 AND "users"."id" != $2 LIMIT $3[0m  [["email", "random@gmail.com"], ["id", 1], ["LIMIT", 1]]
  ↳ app/models/user.rb:29
  [1m[36mUser Exists (0.5ms)[0m  [1m[34mSELECT  1 AS one FROM "users" WHERE "users"."session_token" = $1 AND "users"."id" != $2 LIMIT $3[0m  [["session_token", "ry8FchRYyV9fQBlz6G1RBA"], ["id", 1], ["LIMIT", 1]]
  ↳ app/models/user.rb:29
  [1m[36mUser Update (0.7ms)[0m  [1m[33mUPDATE "users" SET "session_token" = $1, "updated_at" = $2 WHERE "users"."id" = $3[0m  [["session_token", "ry8FchRYyV9fQBlz6G1RBA"], ["updated_at", "2020-11-18 23:13:16.456757"], ["id", 1]]
  ↳ app/models/user.rb:29
  [1m[35m (1.1ms)[0m  [1m[35mCOMMIT[0m
  ↳ app/models/user.rb:29
  Rendering api/users/show.json.jbuilder
  Rendered api/users/_user.json.jbuilder (0.4ms)
  Rendered api/users/show.json.jbuilder (2.2ms)
Completed 200 OK in 28ms (Views: 14.2ms | ActiveRecord: 5.2ms)


Started GET "/" for ::1 at 2020-11-18 19:00:48 -0500
  [1m[35m (2.5ms)[0m  [1m[34mSELECT "schema_migrations"."version" FROM "schema_migrations" ORDER BY "schema_migrations"."version" ASC[0m
  ↳ /Users/anthonycollichio/.rbenv/versions/2.5.1/lib/ruby/gems/2.5.0/gems/activerecord-5.2.4.4/lib/active_record/log_subscriber.rb:98
Processing by StaticPagesController#root as HTML
  Rendering static_pages/root.html.erb within layouts/application
  Rendered static_pages/root.html.erb within layouts/application (1.4ms)
Completed 200 OK in 1310ms (Views: 1307.5ms | ActiveRecord: 0.0ms)


Started GET "/" for ::1 at 2020-11-18 19:03:01 -0500
  [1m[35m (2.1ms)[0m  [1m[34mSELECT "schema_migrations"."version" FROM "schema_migrations" ORDER BY "schema_migrations"."version" ASC[0m
  ↳ /Users/anthonycollichio/.rbenv/versions/2.5.1/lib/ruby/gems/2.5.0/gems/activerecord-5.2.4.4/lib/active_record/log_subscriber.rb:98
Processing by StaticPagesController#root as HTML
  Rendering static_pages/root.html.erb within layouts/application
  Rendered static_pages/root.html.erb within layouts/application (1.4ms)
Completed 200 OK in 924ms (Views: 921.6ms | ActiveRecord: 0.0ms)


Started GET "/" for ::1 at 2020-11-18 19:03:53 -0500
  [1m[35m (1.0ms)[0m  [1m[34mSELECT "schema_migrations"."version" FROM "schema_migrations" ORDER BY "schema_migrations"."version" ASC[0m
  ↳ /Users/anthonycollichio/.rbenv/versions/2.5.1/lib/ruby/gems/2.5.0/gems/activerecord-5.2.4.4/lib/active_record/log_subscriber.rb:98
Processing by StaticPagesController#root as HTML
  Rendering static_pages/root.html.erb within layouts/application
  Rendered static_pages/root.html.erb within layouts/application (1.3ms)
Completed 200 OK in 789ms (Views: 786.0ms | ActiveRecord: 0.0ms)


Started POST "/api/session" for ::1 at 2020-11-18 19:03:58 -0500
Processing by Api::SessionsController#create as JSON
  Parameters: {"user"=>{"email"=>"random@gmail.com", "password"=>"[FILTERED]", "full_name"=>"christoph", "birth_date"=>"12/3/45", "gender"=>"male"}}
  [1m[36mUser Load (1.1ms)[0m  [1m[34mSELECT  "users".* FROM "users" WHERE "users"."email" = $1 LIMIT $2[0m  [["email", "random@gmail.com"], ["LIMIT", 1]]
  ↳ app/models/user.rb:13
  [1m[36mUser Load (0.4ms)[0m  [1m[34mSELECT  "users".* FROM "users" WHERE "users"."session_token" = $1 LIMIT $2[0m  [["session_token", "CyZgh9MBlPtwBjdpyhdrSw"], ["LIMIT", 1]]
  ↳ app/models/user.rb:45
  [1m[35m (0.2ms)[0m  [1m[35mBEGIN[0m
  ↳ app/models/user.rb:29
  [1m[36mUser Exists (0.6ms)[0m  [1m[34mSELECT  1 AS one FROM "users" WHERE "users"."email" = $1 AND "users"."id" != $2 LIMIT $3[0m  [["email", "random@gmail.com"], ["id", 1], ["LIMIT", 1]]
  ↳ app/models/user.rb:29
  [1m[36mUser Exists (0.4ms)[0m  [1m[34mSELECT  1 AS one FROM "users" WHERE "users"."session_token" = $1 AND "users"."id" != $2 LIMIT $3[0m  [["session_token", "CyZgh9MBlPtwBjdpyhdrSw"], ["id", 1], ["LIMIT", 1]]
  ↳ app/models/user.rb:29
  [1m[36mUser Update (0.8ms)[0m  [1m[33mUPDATE "users" SET "session_token" = $1, "updated_at" = $2 WHERE "users"."id" = $3[0m  [["session_token", "CyZgh9MBlPtwBjdpyhdrSw"], ["updated_at", "2020-11-19 00:03:59.241929"], ["id", 1]]
  ↳ app/models/user.rb:29
  [1m[35m (4.8ms)[0m  [1m[35mCOMMIT[0m
  ↳ app/models/user.rb:29
  Rendering api/users/show.json.jbuilder
  Rendered api/users/_user.json.jbuilder (0.4ms)
  Rendered api/users/show.json.jbuilder (2.2ms)
Completed 200 OK in 281ms (Views: 9.8ms | ActiveRecord: 19.4ms)


Started DELETE "/api/session" for ::1 at 2020-11-18 19:04:02 -0500
Processing by Api::SessionsController#destroy as JSON
  [1m[36mUser Load (0.7ms)[0m  [1m[34mSELECT  "users".* FROM "users" WHERE "users"."session_token" = $1 LIMIT $2[0m  [["session_token", "CyZgh9MBlPtwBjdpyhdrSw"], ["LIMIT", 1]]
  ↳ app/controllers/application_controller.rb:10
  [1m[36mUser Load (1.1ms)[0m  [1m[34mSELECT  "users".* FROM "users" WHERE "users"."session_token" = $1 LIMIT $2[0m  [["session_token", "RUtjoNgrBkmdh-vMJsVFww"], ["LIMIT", 1]]
  ↳ app/models/user.rb:45
  [1m[35m (0.3ms)[0m  [1m[35mBEGIN[0m
  ↳ app/models/user.rb:29
  [1m[36mUser Exists (0.6ms)[0m  [1m[34mSELECT  1 AS one FROM "users" WHERE "users"."email" = $1 AND "users"."id" != $2 LIMIT $3[0m  [["email", "random@gmail.com"], ["id", 1], ["LIMIT", 1]]
  ↳ app/models/user.rb:29
  [1m[36mUser Exists (0.7ms)[0m  [1m[34mSELECT  1 AS one FROM "users" WHERE "users"."session_token" = $1 AND "users"."id" != $2 LIMIT $3[0m  [["session_token", "RUtjoNgrBkmdh-vMJsVFww"], ["id", 1], ["LIMIT", 1]]
  ↳ app/models/user.rb:29
  [1m[36mUser Update (0.7ms)[0m  [1m[33mUPDATE "users" SET "session_token" = $1, "updated_at" = $2 WHERE "users"."id" = $3[0m  [["session_token", "RUtjoNgrBkmdh-vMJsVFww"], ["updated_at", "2020-11-19 00:04:02.098701"], ["id", 1]]
  ↳ app/models/user.rb:29
  [1m[35m (1.1ms)[0m  [1m[35mCOMMIT[0m
  ↳ app/models/user.rb:29
  Rendering api/users/show.json.jbuilder
  Rendered api/users/_user.json.jbuilder (0.4ms)
  Rendered api/users/show.json.jbuilder (2.4ms)
Completed 200 OK in 29ms (Views: 14.1ms | ActiveRecord: 5.2ms)


